2013-06-27 15:39:08.2861 ERROR Unhandled exception: FUCK!!! in    at aspdev.repaem.Controllers.HomeController.Index() in c:\Users\stea.KYIV\Documents\Visual Studio 2012\Projects\test\repaem.in.ua\repaem.in.ua\repaem.in.ua\Controllers\HomeController.cs:line 28
   at lambda_method(Closure , ControllerBase , Object[] )
   at System.Web.Mvc.ActionMethodDispatcher.Execute(ControllerBase controller, Object[] parameters)
   at System.Web.Mvc.ReflectedActionDescriptor.Execute(ControllerContext controllerContext, IDictionary`2 parameters)
   at System.Web.Mvc.ControllerActionInvoker.InvokeActionMethod(ControllerContext controllerContext, ActionDescriptor actionDescriptor, IDictionary`2 parameters)
   at System.Web.Mvc.Async.AsyncControllerActionInvoker.<>c__DisplayClass42.<BeginInvokeSynchronousActionMethod>b__41()
   at System.Web.Mvc.Async.AsyncResultWrapper.<>c__DisplayClass8`1.<BeginSynchronous>b__7(IAsyncResult _)
   at System.Web.Mvc.Async.AsyncResultWrapper.WrappedAsyncResult`1.End()
   at System.Web.Mvc.Async.AsyncControllerActionInvoker.EndInvokeActionMethod(IAsyncResult asyncResult)
   at System.Web.Mvc.Async.AsyncControllerActionInvoker.<>c__DisplayClass37.<>c__DisplayClass39.<BeginInvokeActionMethodWithFilters>b__33()
   at System.Web.Mvc.Async.AsyncControllerActionInvoker.<>c__DisplayClass4f.<InvokeActionMethodFilterAsynchronously>b__49()
   at System.Web.Mvc.Async.AsyncControllerActionInvoker.<>c__DisplayClass37.<BeginInvokeActionMethodWithFilters>b__36(IAsyncResult asyncResult)
   at System.Web.Mvc.Async.AsyncResultWrapper.WrappedAsyncResult`1.End()
   at System.Web.Mvc.Async.AsyncControllerActionInvoker.EndInvokeActionMethodWithFilters(IAsyncResult asyncResult)
   at System.Web.Mvc.Async.AsyncControllerActionInvoker.<>c__DisplayClass25.<>c__DisplayClass2a.<BeginInvokeAction>b__20()
   at System.Web.Mvc.Async.AsyncControllerActionInvoker.<>c__DisplayClass25.<BeginInvokeAction>b__22(IAsyncResult asyncResult)
2013-06-27 16:25:41.3064 INFO Request System.Web.HttpRequestWrapper, action Index
2013-06-27 16:25:44.2597 ERROR Unhandled exception: FUCK!!! in    at aspdev.repaem.Controllers.HomeController.Index() in c:\Users\stea.KYIV\Documents\Visual Studio 2012\Projects\test\repaem.in.ua\repaem.in.ua\repaem.in.ua\Controllers\HomeController.cs:line 28
   at lambda_method(Closure , ControllerBase , Object[] )
   at System.Web.Mvc.ActionMethodDispatcher.Execute(ControllerBase controller, Object[] parameters)
   at System.Web.Mvc.ReflectedActionDescriptor.Execute(ControllerContext controllerContext, IDictionary`2 parameters)
   at System.Web.Mvc.ControllerActionInvoker.InvokeActionMethod(ControllerContext controllerContext, ActionDescriptor actionDescriptor, IDictionary`2 parameters)
   at System.Web.Mvc.ControllerActionInvoker.<>c__DisplayClass13.<InvokeActionMethodWithFilters>b__10()
   at System.Web.Mvc.ControllerActionInvoker.InvokeActionMethodFilter(IActionFilter filter, ActionExecutingContext preContext, Func`1 continuation)
   at System.Web.Mvc.ControllerActionInvoker.<>c__DisplayClass13.<>c__DisplayClass15.<InvokeActionMethodWithFilters>b__12()
   at System.Web.Mvc.ControllerActionInvoker.InvokeActionMethodWithFilters(ControllerContext controllerContext, IList`1 filters, ActionDescriptor actionDescriptor, IDictionary`2 parameters)
   at System.Web.Mvc.ControllerActionInvoker.InvokeAction(ControllerContext controllerContext, String actionName)
   at aspdev.repaem.Infrastructure.Exceptions.RepControllerActionInvoker.InvokeAction(ControllerContext controllerContext, String actionName) in c:\Users\stea.KYIV\Documents\Visual Studio 2012\Projects\test\repaem.in.ua\repaem.in.ua\repaem.in.ua\Infrastructure\Exceptions\RepApiControllerActionInvoker.cs:line 63
2013-06-27 16:33:05.2808 INFO GET /, UserAgent: Mozilla/5.0 (Windows NT 6.1; WOW64; rv:21.0) Gecko/20100101 Firefox/21.0, host ::1
2013-06-27 16:33:07.6280 ERROR Unhandled exception: FUCK!!! in    at aspdev.repaem.Controllers.HomeController.Index() in c:\Users\stea.KYIV\Documents\Visual Studio 2012\Projects\test\repaem.in.ua\repaem.in.ua\repaem.in.ua\Controllers\HomeController.cs:line 28
   at lambda_method(Closure , ControllerBase , Object[] )
   at System.Web.Mvc.ActionMethodDispatcher.Execute(ControllerBase controller, Object[] parameters)
   at System.Web.Mvc.ReflectedActionDescriptor.Execute(ControllerContext controllerContext, IDictionary`2 parameters)
   at System.Web.Mvc.ControllerActionInvoker.InvokeActionMethod(ControllerContext controllerContext, ActionDescriptor actionDescriptor, IDictionary`2 parameters)
   at System.Web.Mvc.ControllerActionInvoker.<>c__DisplayClass13.<InvokeActionMethodWithFilters>b__10()
   at System.Web.Mvc.ControllerActionInvoker.InvokeActionMethodFilter(IActionFilter filter, ActionExecutingContext preContext, Func`1 continuation)
   at System.Web.Mvc.ControllerActionInvoker.<>c__DisplayClass13.<>c__DisplayClass15.<InvokeActionMethodWithFilters>b__12()
   at System.Web.Mvc.ControllerActionInvoker.InvokeActionMethodWithFilters(ControllerContext controllerContext, IList`1 filters, ActionDescriptor actionDescriptor, IDictionary`2 parameters)
   at System.Web.Mvc.ControllerActionInvoker.InvokeAction(ControllerContext controllerContext, String actionName)
   at aspdev.repaem.Infrastructure.Exceptions.RepControllerActionInvoker.InvokeAction(ControllerContext controllerContext, String actionName) in c:\Users\stea.KYIV\Documents\Visual Studio 2012\Projects\test\repaem.in.ua\repaem.in.ua\repaem.in.ua\Infrastructure\Exceptions\RepApiControllerActionInvoker.cs:line 70
2013-06-27 16:37:57.7991 INFO GET /, agent: Mozilla/5.0 (Windows NT 6.1; WOW64; rv:21.0) Gecko/20100101 Firefox/21.0, host ::1
2013-06-27 16:38:00.2203 ERROR Unhandled exception: FUCK!!! in    at aspdev.repaem.Controllers.HomeController.Index() in c:\Users\stea.KYIV\Documents\Visual Studio 2012\Projects\test\repaem.in.ua\repaem.in.ua\repaem.in.ua\Controllers\HomeController.cs:line 28
   at lambda_method(Closure , ControllerBase , Object[] )
   at System.Web.Mvc.ActionMethodDispatcher.Execute(ControllerBase controller, Object[] parameters)
   at System.Web.Mvc.ReflectedActionDescriptor.Execute(ControllerContext controllerContext, IDictionary`2 parameters)
   at System.Web.Mvc.ControllerActionInvoker.InvokeActionMethod(ControllerContext controllerContext, ActionDescriptor actionDescriptor, IDictionary`2 parameters)
   at System.Web.Mvc.ControllerActionInvoker.<>c__DisplayClass13.<InvokeActionMethodWithFilters>b__10()
   at System.Web.Mvc.ControllerActionInvoker.InvokeActionMethodFilter(IActionFilter filter, ActionExecutingContext preContext, Func`1 continuation)
   at System.Web.Mvc.ControllerActionInvoker.<>c__DisplayClass13.<>c__DisplayClass15.<InvokeActionMethodWithFilters>b__12()
   at System.Web.Mvc.ControllerActionInvoker.InvokeActionMethodWithFilters(ControllerContext controllerContext, IList`1 filters, ActionDescriptor actionDescriptor, IDictionary`2 parameters)
   at System.Web.Mvc.ControllerActionInvoker.InvokeAction(ControllerContext controllerContext, String actionName)
   at aspdev.repaem.Infrastructure.Exceptions.RepControllerActionInvoker.InvokeAction(ControllerContext controllerContext, String actionName) in c:\Users\stea.KYIV\Documents\Visual Studio 2012\Projects\test\repaem.in.ua\repaem.in.ua\repaem.in.ua\Infrastructure\Exceptions\ApiControllerActionInvoker.cs:line 69
2013-06-27 16:39:59.2752 INFO GET /, agent: Mozilla/5.0 (Windows NT 6.1; WOW64; rv:21.0) Gecko/20100101 Firefox/21.0, host ::1
