2013-07-08 16:08:27.3740 INFO GET /, agent: Mozilla/5.0 (Windows NT 6.1; WOW64; rv:22.0) Gecko/20100101 Firefox/22.0, host ::1
2013-07-08 16:08:59.0172 INFO GET /Home/DemoData, agent: Mozilla/5.0 (Windows NT 6.1; WOW64; rv:22.0) Gecko/20100101 Firefox/22.0, host ::1
2013-07-08 16:09:15.9999 ERROR Unhandled exception: Invalid object name 'PhotoToRepBases'. in    at System.Data.SqlClient.SqlConnection.OnError(SqlException exception, Boolean breakConnection, Action`1 wrapCloseInAction)
   at System.Data.SqlClient.SqlInternalConnection.OnError(SqlException exception, Boolean breakConnection, Action`1 wrapCloseInAction)
   at System.Data.SqlClient.TdsParser.ThrowExceptionAndWarning(TdsParserStateObject stateObj, Boolean callerHasConnectionLock, Boolean asyncClose)
   at System.Data.SqlClient.TdsParser.TryRun(RunBehavior runBehavior, SqlCommand cmdHandler, SqlDataReader dataStream, BulkCopySimpleResultSet bulkCopyHandler, TdsParserStateObject stateObj, Boolean& dataReady)
   at System.Data.SqlClient.SqlDataReader.TryConsumeMetaData()
   at System.Data.SqlClient.SqlDataReader.get_MetaData()
   at System.Data.SqlClient.SqlCommand.FinishExecuteReader(SqlDataReader ds, RunBehavior runBehavior, String resetOptionsString)
   at System.Data.SqlClient.SqlCommand.RunExecuteReaderTds(CommandBehavior cmdBehavior, RunBehavior runBehavior, Boolean returnStream, Boolean async, Int32 timeout, Task& task, Boolean asyncWrite)
   at System.Data.SqlClient.SqlCommand.RunExecuteReader(CommandBehavior cmdBehavior, RunBehavior runBehavior, Boolean returnStream, String method, TaskCompletionSource`1 completion, Int32 timeout, Task& task, Boolean asyncWrite)
   at System.Data.SqlClient.SqlCommand.RunExecuteReader(CommandBehavior cmdBehavior, RunBehavior runBehavior, Boolean returnStream, String method)
   at System.Data.SqlClient.SqlCommand.ExecuteReader(CommandBehavior behavior, String method)
   at System.Data.SqlClient.SqlCommand.ExecuteDbDataReader(CommandBehavior behavior)
   at System.Data.Common.DbCommand.System.Data.IDbCommand.ExecuteReader(CommandBehavior behavior)
   at Dapper.SqlMapper.<QueryInternal>d__d`1.MoveNext() in c:\Dev\Dapper\Dapper NET40\SqlMapper.cs:line 857
   at System.Linq.Enumerable.First[TSource](IEnumerable`1 source)
   at DapperExtensions.DapperImplementor.Insert[T](IDbConnection connection, T entity, IDbTransaction transaction, Nullable`1 commandTimeout) in c:\Data\Projects\Nuget Projects\DapperExtensions\DapperExtensions\DapperImplementor.cs:line 98
   at DapperExtensions.DapperExtensions.Insert[T](IDbConnection connection, T entity, IDbTransaction transaction, Nullable`1 commandTimeout) in c:\Data\Projects\Nuget Projects\DapperExtensions\DapperExtensions\DapperExtensions.cs:line 159
   at aspdev.repaem.Models.Data.Database.CreateDemoData() in c:\Users\stea.KYIV\Documents\Visual Studio 2012\Projects\test\repaem.in.ua\repaem.in.ua\repaem.in.ua\Models\Data\Database.cs:line 359
   at aspdev.repaem.Controllers.HomeController.DemoData() in c:\Users\stea.KYIV\Documents\Visual Studio 2012\Projects\test\repaem.in.ua\repaem.in.ua\repaem.in.ua\Controllers\HomeController.cs:line 37
   at lambda_method(Closure , ControllerBase , Object[] )
   at System.Web.Mvc.ActionMethodDispatcher.Execute(ControllerBase controller, Object[] parameters)
   at System.Web.Mvc.ReflectedActionDescriptor.Execute(ControllerContext controllerContext, IDictionary`2 parameters)
   at System.Web.Mvc.ControllerActionInvoker.InvokeActionMethod(ControllerContext controllerContext, ActionDescriptor actionDescriptor, IDictionary`2 parameters)
   at System.Web.Mvc.ControllerActionInvoker.<>c__DisplayClass13.<InvokeActionMethodWithFilters>b__10()
   at System.Web.Mvc.ControllerActionInvoker.InvokeActionMethodFilter(IActionFilter filter, ActionExecutingContext preContext, Func`1 continuation)
   at System.Web.Mvc.ControllerActionInvoker.<>c__DisplayClass13.<>c__DisplayClass15.<InvokeActionMethodWithFilters>b__12()
   at System.Web.Mvc.ControllerActionInvoker.InvokeActionMethodWithFilters(ControllerContext controllerContext, IList`1 filters, ActionDescriptor actionDescriptor, IDictionary`2 parameters)
   at System.Web.Mvc.ControllerActionInvoker.InvokeAction(ControllerContext controllerContext, String actionName)
   at aspdev.repaem.Infrastructure.Exceptions.RepControllerActionInvoker.InvokeAction(ControllerContext controllerContext, String actionName) in c:\Users\stea.KYIV\Documents\Visual Studio 2012\Projects\test\repaem.in.ua\repaem.in.ua\repaem.in.ua\Infrastructure\Exceptions\ApiControllerActionInvoker.cs:line 69
2013-07-08 16:13:09.0802 INFO GET /, agent: Mozilla/5.0 (Windows NT 6.1; WOW64; rv:22.0) Gecko/20100101 Firefox/22.0, host ::1
2013-07-08 16:14:19.5953 INFO GET /Home/DemoData, agent: Mozilla/5.0 (Windows NT 6.1; WOW64; rv:22.0) Gecko/20100101 Firefox/22.0, host ::1
2013-07-08 16:14:29.3642 ERROR Unhandled exception: Invalid object name 'PhotoToRepBases'. in    at System.Data.SqlClient.SqlConnection.OnError(SqlException exception, Boolean breakConnection, Action`1 wrapCloseInAction)
   at System.Data.SqlClient.SqlInternalConnection.OnError(SqlException exception, Boolean breakConnection, Action`1 wrapCloseInAction)
   at System.Data.SqlClient.TdsParser.ThrowExceptionAndWarning(TdsParserStateObject stateObj, Boolean callerHasConnectionLock, Boolean asyncClose)
   at System.Data.SqlClient.TdsParser.TryRun(RunBehavior runBehavior, SqlCommand cmdHandler, SqlDataReader dataStream, BulkCopySimpleResultSet bulkCopyHandler, TdsParserStateObject stateObj, Boolean& dataReady)
   at System.Data.SqlClient.SqlDataReader.TryConsumeMetaData()
   at System.Data.SqlClient.SqlDataReader.get_MetaData()
   at System.Data.SqlClient.SqlCommand.FinishExecuteReader(SqlDataReader ds, RunBehavior runBehavior, String resetOptionsString)
   at System.Data.SqlClient.SqlCommand.RunExecuteReaderTds(CommandBehavior cmdBehavior, RunBehavior runBehavior, Boolean returnStream, Boolean async, Int32 timeout, Task& task, Boolean asyncWrite)
   at System.Data.SqlClient.SqlCommand.RunExecuteReader(CommandBehavior cmdBehavior, RunBehavior runBehavior, Boolean returnStream, String method, TaskCompletionSource`1 completion, Int32 timeout, Task& task, Boolean asyncWrite)
   at System.Data.SqlClient.SqlCommand.RunExecuteReader(CommandBehavior cmdBehavior, RunBehavior runBehavior, Boolean returnStream, String method)
   at System.Data.SqlClient.SqlCommand.ExecuteReader(CommandBehavior behavior, String method)
   at System.Data.SqlClient.SqlCommand.ExecuteDbDataReader(CommandBehavior behavior)
   at System.Data.Common.DbCommand.System.Data.IDbCommand.ExecuteReader(CommandBehavior behavior)
   at Dapper.SqlMapper.<QueryInternal>d__d`1.MoveNext() in c:\Dev\Dapper\Dapper NET40\SqlMapper.cs:line 857
   at System.Linq.Enumerable.First[TSource](IEnumerable`1 source)
   at DapperExtensions.DapperImplementor.Insert[T](IDbConnection connection, T entity, IDbTransaction transaction, Nullable`1 commandTimeout) in c:\Data\Projects\Nuget Projects\DapperExtensions\DapperExtensions\DapperImplementor.cs:line 98
   at DapperExtensions.DapperExtensions.Insert[T](IDbConnection connection, T entity, IDbTransaction transaction, Nullable`1 commandTimeout) in c:\Data\Projects\Nuget Projects\DapperExtensions\DapperExtensions\DapperExtensions.cs:line 159
   at aspdev.repaem.Models.Data.Database.CreateDemoData() in c:\Users\stea.KYIV\Documents\Visual Studio 2012\Projects\test\repaem.in.ua\repaem.in.ua\repaem.in.ua\Models\Data\Database.cs:line 360
   at aspdev.repaem.Controllers.HomeController.DemoData() in c:\Users\stea.KYIV\Documents\Visual Studio 2012\Projects\test\repaem.in.ua\repaem.in.ua\repaem.in.ua\Controllers\HomeController.cs:line 37
   at lambda_method(Closure , ControllerBase , Object[] )
   at System.Web.Mvc.ActionMethodDispatcher.Execute(ControllerBase controller, Object[] parameters)
   at System.Web.Mvc.ReflectedActionDescriptor.Execute(ControllerContext controllerContext, IDictionary`2 parameters)
   at System.Web.Mvc.ControllerActionInvoker.InvokeActionMethod(ControllerContext controllerContext, ActionDescriptor actionDescriptor, IDictionary`2 parameters)
   at System.Web.Mvc.ControllerActionInvoker.<>c__DisplayClass13.<InvokeActionMethodWithFilters>b__10()
   at System.Web.Mvc.ControllerActionInvoker.InvokeActionMethodFilter(IActionFilter filter, ActionExecutingContext preContext, Func`1 continuation)
   at System.Web.Mvc.ControllerActionInvoker.<>c__DisplayClass13.<>c__DisplayClass15.<InvokeActionMethodWithFilters>b__12()
   at System.Web.Mvc.ControllerActionInvoker.InvokeActionMethodWithFilters(ControllerContext controllerContext, IList`1 filters, ActionDescriptor actionDescriptor, IDictionary`2 parameters)
   at System.Web.Mvc.ControllerActionInvoker.InvokeAction(ControllerContext controllerContext, String actionName)
   at aspdev.repaem.Infrastructure.Exceptions.RepControllerActionInvoker.InvokeAction(ControllerContext controllerContext, String actionName) in c:\Users\stea.KYIV\Documents\Visual Studio 2012\Projects\test\repaem.in.ua\repaem.in.ua\repaem.in.ua\Infrastructure\Exceptions\ApiControllerActionInvoker.cs:line 69
2013-07-08 16:14:39.0482 INFO GET /Home/DemoData, agent: Mozilla/5.0 (Windows NT 6.1; WOW64; rv:22.0) Gecko/20100101 Firefox/22.0, host ::1
2013-07-08 16:15:05.5449 ERROR Unhandled exception: Invalid object name 'PhotoToRepBases'. in    at System.Data.SqlClient.SqlConnection.OnError(SqlException exception, Boolean breakConnection, Action`1 wrapCloseInAction)
   at System.Data.SqlClient.SqlInternalConnection.OnError(SqlException exception, Boolean breakConnection, Action`1 wrapCloseInAction)
   at System.Data.SqlClient.TdsParser.ThrowExceptionAndWarning(TdsParserStateObject stateObj, Boolean callerHasConnectionLock, Boolean asyncClose)
   at System.Data.SqlClient.TdsParser.TryRun(RunBehavior runBehavior, SqlCommand cmdHandler, SqlDataReader dataStream, BulkCopySimpleResultSet bulkCopyHandler, TdsParserStateObject stateObj, Boolean& dataReady)
   at System.Data.SqlClient.SqlDataReader.TryConsumeMetaData()
   at System.Data.SqlClient.SqlDataReader.get_MetaData()
   at System.Data.SqlClient.SqlCommand.FinishExecuteReader(SqlDataReader ds, RunBehavior runBehavior, String resetOptionsString)
   at System.Data.SqlClient.SqlCommand.RunExecuteReaderTds(CommandBehavior cmdBehavior, RunBehavior runBehavior, Boolean returnStream, Boolean async, Int32 timeout, Task& task, Boolean asyncWrite)
   at System.Data.SqlClient.SqlCommand.RunExecuteReader(CommandBehavior cmdBehavior, RunBehavior runBehavior, Boolean returnStream, String method, TaskCompletionSource`1 completion, Int32 timeout, Task& task, Boolean asyncWrite)
   at System.Data.SqlClient.SqlCommand.RunExecuteReader(CommandBehavior cmdBehavior, RunBehavior runBehavior, Boolean returnStream, String method)
   at System.Data.SqlClient.SqlCommand.ExecuteReader(CommandBehavior behavior, String method)
   at System.Data.SqlClient.SqlCommand.ExecuteDbDataReader(CommandBehavior behavior)
   at System.Data.Common.DbCommand.System.Data.IDbCommand.ExecuteReader(CommandBehavior behavior)
   at Dapper.SqlMapper.<QueryInternal>d__d`1.MoveNext() in c:\Dev\Dapper\Dapper NET40\SqlMapper.cs:line 857
   at System.Linq.Enumerable.First[TSource](IEnumerable`1 source)
   at DapperExtensions.DapperImplementor.Insert[T](IDbConnection connection, T entity, IDbTransaction transaction, Nullable`1 commandTimeout) in c:\Data\Projects\Nuget Projects\DapperExtensions\DapperExtensions\DapperImplementor.cs:line 98
   at DapperExtensions.DapperExtensions.Insert[T](IDbConnection connection, T entity, IDbTransaction transaction, Nullable`1 commandTimeout) in c:\Data\Projects\Nuget Projects\DapperExtensions\DapperExtensions\DapperExtensions.cs:line 159
   at aspdev.repaem.Models.Data.Database.CreateDemoData() in c:\Users\stea.KYIV\Documents\Visual Studio 2012\Projects\test\repaem.in.ua\repaem.in.ua\repaem.in.ua\Models\Data\Database.cs:line 360
   at aspdev.repaem.Controllers.HomeController.DemoData() in c:\Users\stea.KYIV\Documents\Visual Studio 2012\Projects\test\repaem.in.ua\repaem.in.ua\repaem.in.ua\Controllers\HomeController.cs:line 37
   at lambda_method(Closure , ControllerBase , Object[] )
   at System.Web.Mvc.ActionMethodDispatcher.Execute(ControllerBase controller, Object[] parameters)
   at System.Web.Mvc.ReflectedActionDescriptor.Execute(ControllerContext controllerContext, IDictionary`2 parameters)
   at System.Web.Mvc.ControllerActionInvoker.InvokeActionMethod(ControllerContext controllerContext, ActionDescriptor actionDescriptor, IDictionary`2 parameters)
   at System.Web.Mvc.ControllerActionInvoker.<>c__DisplayClass13.<InvokeActionMethodWithFilters>b__10()
   at System.Web.Mvc.ControllerActionInvoker.InvokeActionMethodFilter(IActionFilter filter, ActionExecutingContext preContext, Func`1 continuation)
   at System.Web.Mvc.ControllerActionInvoker.<>c__DisplayClass13.<>c__DisplayClass15.<InvokeActionMethodWithFilters>b__12()
   at System.Web.Mvc.ControllerActionInvoker.InvokeActionMethodWithFilters(ControllerContext controllerContext, IList`1 filters, ActionDescriptor actionDescriptor, IDictionary`2 parameters)
   at System.Web.Mvc.ControllerActionInvoker.InvokeAction(ControllerContext controllerContext, String actionName)
   at aspdev.repaem.Infrastructure.Exceptions.RepControllerActionInvoker.InvokeAction(ControllerContext controllerContext, String actionName) in c:\Users\stea.KYIV\Documents\Visual Studio 2012\Projects\test\repaem.in.ua\repaem.in.ua\repaem.in.ua\Infrastructure\Exceptions\ApiControllerActionInvoker.cs:line 69
2013-07-08 16:17:16.1709 INFO GET /, agent: Mozilla/5.0 (Windows NT 6.1; WOW64; rv:22.0) Gecko/20100101 Firefox/22.0, host ::1
2013-07-08 16:17:16.1709 INFO GET /Home/DemoData, agent: Mozilla/5.0 (Windows NT 6.1; WOW64; rv:22.0) Gecko/20100101 Firefox/22.0, host ::1
2013-07-08 16:18:11.1234 ERROR Unhandled exception: Invalid object name 'PhotoToRepBases'. in    at System.Data.SqlClient.SqlConnection.OnError(SqlException exception, Boolean breakConnection, Action`1 wrapCloseInAction)
   at System.Data.SqlClient.SqlInternalConnection.OnError(SqlException exception, Boolean breakConnection, Action`1 wrapCloseInAction)
   at System.Data.SqlClient.TdsParser.ThrowExceptionAndWarning(TdsParserStateObject stateObj, Boolean callerHasConnectionLock, Boolean asyncClose)
   at System.Data.SqlClient.TdsParser.TryRun(RunBehavior runBehavior, SqlCommand cmdHandler, SqlDataReader dataStream, BulkCopySimpleResultSet bulkCopyHandler, TdsParserStateObject stateObj, Boolean& dataReady)
   at System.Data.SqlClient.SqlDataReader.TryConsumeMetaData()
   at System.Data.SqlClient.SqlDataReader.get_MetaData()
   at System.Data.SqlClient.SqlCommand.FinishExecuteReader(SqlDataReader ds, RunBehavior runBehavior, String resetOptionsString)
   at System.Data.SqlClient.SqlCommand.RunExecuteReaderTds(CommandBehavior cmdBehavior, RunBehavior runBehavior, Boolean returnStream, Boolean async, Int32 timeout, Task& task, Boolean asyncWrite)
   at System.Data.SqlClient.SqlCommand.RunExecuteReader(CommandBehavior cmdBehavior, RunBehavior runBehavior, Boolean returnStream, String method, TaskCompletionSource`1 completion, Int32 timeout, Task& task, Boolean asyncWrite)
   at System.Data.SqlClient.SqlCommand.RunExecuteReader(CommandBehavior cmdBehavior, RunBehavior runBehavior, Boolean returnStream, String method)
   at System.Data.SqlClient.SqlCommand.ExecuteReader(CommandBehavior behavior, String method)
   at System.Data.SqlClient.SqlCommand.ExecuteDbDataReader(CommandBehavior behavior)
   at System.Data.Common.DbCommand.System.Data.IDbCommand.ExecuteReader(CommandBehavior behavior)
   at Dapper.SqlMapper.<QueryInternal>d__d`1.MoveNext() in c:\Dev\Dapper\Dapper NET40\SqlMapper.cs:line 857
   at System.Linq.Enumerable.First[TSource](IEnumerable`1 source)
   at DapperExtensions.DapperImplementor.Insert[T](IDbConnection connection, T entity, IDbTransaction transaction, Nullable`1 commandTimeout) in c:\Data\Projects\Nuget Projects\DapperExtensions\DapperExtensions\DapperImplementor.cs:line 98
   at DapperExtensions.DapperExtensions.Insert[T](IDbConnection connection, T entity, IDbTransaction transaction, Nullable`1 commandTimeout) in c:\Data\Projects\Nuget Projects\DapperExtensions\DapperExtensions\DapperExtensions.cs:line 159
   at aspdev.repaem.Models.Data.Database.CreateDemoData() in c:\Users\stea.KYIV\Documents\Visual Studio 2012\Projects\test\repaem.in.ua\repaem.in.ua\repaem.in.ua\Models\Data\Database.cs:line 360
   at aspdev.repaem.Controllers.HomeController.DemoData() in c:\Users\stea.KYIV\Documents\Visual Studio 2012\Projects\test\repaem.in.ua\repaem.in.ua\repaem.in.ua\Controllers\HomeController.cs:line 37
   at lambda_method(Closure , ControllerBase , Object[] )
   at System.Web.Mvc.ActionMethodDispatcher.Execute(ControllerBase controller, Object[] parameters)
   at System.Web.Mvc.ReflectedActionDescriptor.Execute(ControllerContext controllerContext, IDictionary`2 parameters)
   at System.Web.Mvc.ControllerActionInvoker.InvokeActionMethod(ControllerContext controllerContext, ActionDescriptor actionDescriptor, IDictionary`2 parameters)
   at System.Web.Mvc.ControllerActionInvoker.<>c__DisplayClass13.<InvokeActionMethodWithFilters>b__10()
   at System.Web.Mvc.ControllerActionInvoker.InvokeActionMethodFilter(IActionFilter filter, ActionExecutingContext preContext, Func`1 continuation)
   at System.Web.Mvc.ControllerActionInvoker.<>c__DisplayClass13.<>c__DisplayClass15.<InvokeActionMethodWithFilters>b__12()
   at System.Web.Mvc.ControllerActionInvoker.InvokeActionMethodWithFilters(ControllerContext controllerContext, IList`1 filters, ActionDescriptor actionDescriptor, IDictionary`2 parameters)
   at System.Web.Mvc.ControllerActionInvoker.InvokeAction(ControllerContext controllerContext, String actionName)
   at aspdev.repaem.Infrastructure.Exceptions.RepControllerActionInvoker.InvokeAction(ControllerContext controllerContext, String actionName) in c:\Users\stea.KYIV\Documents\Visual Studio 2012\Projects\test\repaem.in.ua\repaem.in.ua\repaem.in.ua\Infrastructure\Exceptions\ApiControllerActionInvoker.cs:line 69
2013-07-08 16:18:43.7967 INFO GET /Home/DemoData, agent: Mozilla/5.0 (Windows NT 6.1; WOW64; rv:22.0) Gecko/20100101 Firefox/22.0, host ::1
2013-07-08 16:18:44.1557 ERROR Unhandled exception: Cannot insert the value NULL into column 'PhotoId', table 'repaem.dbo.PhotoToRepBase'; column does not allow nulls. INSERT fails.
The statement has been terminated. in    at System.Data.SqlClient.SqlConnection.OnError(SqlException exception, Boolean breakConnection, Action`1 wrapCloseInAction)
   at System.Data.SqlClient.SqlInternalConnection.OnError(SqlException exception, Boolean breakConnection, Action`1 wrapCloseInAction)
   at System.Data.SqlClient.TdsParser.ThrowExceptionAndWarning(TdsParserStateObject stateObj, Boolean callerHasConnectionLock, Boolean asyncClose)
   at System.Data.SqlClient.TdsParser.TryRun(RunBehavior runBehavior, SqlCommand cmdHandler, SqlDataReader dataStream, BulkCopySimpleResultSet bulkCopyHandler, TdsParserStateObject stateObj, Boolean& dataReady)
   at System.Data.SqlClient.SqlDataReader.TryConsumeMetaData()
   at System.Data.SqlClient.SqlDataReader.get_MetaData()
   at System.Data.SqlClient.SqlCommand.FinishExecuteReader(SqlDataReader ds, RunBehavior runBehavior, String resetOptionsString)
   at System.Data.SqlClient.SqlCommand.RunExecuteReaderTds(CommandBehavior cmdBehavior, RunBehavior runBehavior, Boolean returnStream, Boolean async, Int32 timeout, Task& task, Boolean asyncWrite)
   at System.Data.SqlClient.SqlCommand.RunExecuteReader(CommandBehavior cmdBehavior, RunBehavior runBehavior, Boolean returnStream, String method, TaskCompletionSource`1 completion, Int32 timeout, Task& task, Boolean asyncWrite)
   at System.Data.SqlClient.SqlCommand.RunExecuteReader(CommandBehavior cmdBehavior, RunBehavior runBehavior, Boolean returnStream, String method)
   at System.Data.SqlClient.SqlCommand.ExecuteReader(CommandBehavior behavior, String method)
   at System.Data.SqlClient.SqlCommand.ExecuteDbDataReader(CommandBehavior behavior)
   at System.Data.Common.DbCommand.System.Data.IDbCommand.ExecuteReader(CommandBehavior behavior)
   at Dapper.SqlMapper.<QueryInternal>d__d`1.MoveNext() in c:\Dev\Dapper\Dapper NET40\SqlMapper.cs:line 857
   at System.Linq.Enumerable.First[TSource](IEnumerable`1 source)
   at DapperExtensions.DapperImplementor.Insert[T](IDbConnection connection, T entity, IDbTransaction transaction, Nullable`1 commandTimeout) in c:\Data\Projects\Nuget Projects\DapperExtensions\DapperExtensions\DapperImplementor.cs:line 98
   at DapperExtensions.DapperExtensions.Insert[T](IDbConnection connection, T entity, IDbTransaction transaction, Nullable`1 commandTimeout) in c:\Data\Projects\Nuget Projects\DapperExtensions\DapperExtensions\DapperExtensions.cs:line 159
   at aspdev.repaem.Models.Data.Database.CreateDemoData() in c:\Users\stea.KYIV\Documents\Visual Studio 2012\Projects\test\repaem.in.ua\repaem.in.ua\repaem.in.ua\Models\Data\Database.cs:line 360
   at aspdev.repaem.Controllers.HomeController.DemoData() in c:\Users\stea.KYIV\Documents\Visual Studio 2012\Projects\test\repaem.in.ua\repaem.in.ua\repaem.in.ua\Controllers\HomeController.cs:line 37
   at lambda_method(Closure , ControllerBase , Object[] )
   at System.Web.Mvc.ActionMethodDispatcher.Execute(ControllerBase controller, Object[] parameters)
   at System.Web.Mvc.ReflectedActionDescriptor.Execute(ControllerContext controllerContext, IDictionary`2 parameters)
   at System.Web.Mvc.ControllerActionInvoker.InvokeActionMethod(ControllerContext controllerContext, ActionDescriptor actionDescriptor, IDictionary`2 parameters)
   at System.Web.Mvc.ControllerActionInvoker.<>c__DisplayClass13.<InvokeActionMethodWithFilters>b__10()
   at System.Web.Mvc.ControllerActionInvoker.InvokeActionMethodFilter(IActionFilter filter, ActionExecutingContext preContext, Func`1 continuation)
   at System.Web.Mvc.ControllerActionInvoker.<>c__DisplayClass13.<>c__DisplayClass15.<InvokeActionMethodWithFilters>b__12()
   at System.Web.Mvc.ControllerActionInvoker.InvokeActionMethodWithFilters(ControllerContext controllerContext, IList`1 filters, ActionDescriptor actionDescriptor, IDictionary`2 parameters)
   at System.Web.Mvc.ControllerActionInvoker.InvokeAction(ControllerContext controllerContext, String actionName)
   at aspdev.repaem.Infrastructure.Exceptions.RepControllerActionInvoker.InvokeAction(ControllerContext controllerContext, String actionName) in c:\Users\stea.KYIV\Documents\Visual Studio 2012\Projects\test\repaem.in.ua\repaem.in.ua\repaem.in.ua\Infrastructure\Exceptions\ApiControllerActionInvoker.cs:line 69
2013-07-08 16:18:54.0397 INFO GET /, agent: Mozilla/5.0 (Windows NT 6.1; WOW64; rv:22.0) Gecko/20100101 Firefox/22.0, host ::1
2013-07-08 16:19:00.7574 INFO GET /Home/DemoData, agent: Mozilla/5.0 (Windows NT 6.1; WOW64; rv:22.0) Gecko/20100101 Firefox/22.0, host ::1
2013-07-08 16:22:11.5254 ERROR Unhandled exception: Cannot insert the value NULL into column 'PhotoId', table 'repaem.dbo.PhotoToRepBase'; column does not allow nulls. INSERT fails.
The statement has been terminated. in    at System.Data.SqlClient.SqlConnection.OnError(SqlException exception, Boolean breakConnection, Action`1 wrapCloseInAction)
   at System.Data.SqlClient.SqlInternalConnection.OnError(SqlException exception, Boolean breakConnection, Action`1 wrapCloseInAction)
   at System.Data.SqlClient.TdsParser.ThrowExceptionAndWarning(TdsParserStateObject stateObj, Boolean callerHasConnectionLock, Boolean asyncClose)
   at System.Data.SqlClient.TdsParser.TryRun(RunBehavior runBehavior, SqlCommand cmdHandler, SqlDataReader dataStream, BulkCopySimpleResultSet bulkCopyHandler, TdsParserStateObject stateObj, Boolean& dataReady)
   at System.Data.SqlClient.SqlDataReader.TryConsumeMetaData()
   at System.Data.SqlClient.SqlDataReader.get_MetaData()
   at System.Data.SqlClient.SqlCommand.FinishExecuteReader(SqlDataReader ds, RunBehavior runBehavior, String resetOptionsString)
   at System.Data.SqlClient.SqlCommand.RunExecuteReaderTds(CommandBehavior cmdBehavior, RunBehavior runBehavior, Boolean returnStream, Boolean async, Int32 timeout, Task& task, Boolean asyncWrite)
   at System.Data.SqlClient.SqlCommand.RunExecuteReader(CommandBehavior cmdBehavior, RunBehavior runBehavior, Boolean returnStream, String method, TaskCompletionSource`1 completion, Int32 timeout, Task& task, Boolean asyncWrite)
   at System.Data.SqlClient.SqlCommand.RunExecuteReader(CommandBehavior cmdBehavior, RunBehavior runBehavior, Boolean returnStream, String method)
   at System.Data.SqlClient.SqlCommand.ExecuteReader(CommandBehavior behavior, String method)
   at System.Data.SqlClient.SqlCommand.ExecuteDbDataReader(CommandBehavior behavior)
   at System.Data.Common.DbCommand.System.Data.IDbCommand.ExecuteReader(CommandBehavior behavior)
   at Dapper.SqlMapper.<QueryInternal>d__d`1.MoveNext() in c:\Dev\Dapper\Dapper NET40\SqlMapper.cs:line 857
   at System.Linq.Enumerable.First[TSource](IEnumerable`1 source)
   at DapperExtensions.DapperImplementor.Insert[T](IDbConnection connection, T entity, IDbTransaction transaction, Nullable`1 commandTimeout) in c:\Data\Projects\Nuget Projects\DapperExtensions\DapperExtensions\DapperImplementor.cs:line 98
   at DapperExtensions.DapperExtensions.Insert[T](IDbConnection connection, T entity, IDbTransaction transaction, Nullable`1 commandTimeout) in c:\Data\Projects\Nuget Projects\DapperExtensions\DapperExtensions\DapperExtensions.cs:line 159
   at aspdev.repaem.Models.Data.Database.CreateDemoData() in c:\Users\stea.KYIV\Documents\Visual Studio 2012\Projects\test\repaem.in.ua\repaem.in.ua\repaem.in.ua\Models\Data\Database.cs:line 360
   at aspdev.repaem.Controllers.HomeController.DemoData() in c:\Users\stea.KYIV\Documents\Visual Studio 2012\Projects\test\repaem.in.ua\repaem.in.ua\repaem.in.ua\Controllers\HomeController.cs:line 37
   at lambda_method(Closure , ControllerBase , Object[] )
   at System.Web.Mvc.ActionMethodDispatcher.Execute(ControllerBase controller, Object[] parameters)
   at System.Web.Mvc.ReflectedActionDescriptor.Execute(ControllerContext controllerContext, IDictionary`2 parameters)
   at System.Web.Mvc.ControllerActionInvoker.InvokeActionMethod(ControllerContext controllerContext, ActionDescriptor actionDescriptor, IDictionary`2 parameters)
   at System.Web.Mvc.ControllerActionInvoker.<>c__DisplayClass13.<InvokeActionMethodWithFilters>b__10()
   at System.Web.Mvc.ControllerActionInvoker.InvokeActionMethodFilter(IActionFilter filter, ActionExecutingContext preContext, Func`1 continuation)
   at System.Web.Mvc.ControllerActionInvoker.<>c__DisplayClass13.<>c__DisplayClass15.<InvokeActionMethodWithFilters>b__12()
   at System.Web.Mvc.ControllerActionInvoker.InvokeActionMethodWithFilters(ControllerContext controllerContext, IList`1 filters, ActionDescriptor actionDescriptor, IDictionary`2 parameters)
   at System.Web.Mvc.ControllerActionInvoker.InvokeAction(ControllerContext controllerContext, String actionName)
   at aspdev.repaem.Infrastructure.Exceptions.RepControllerActionInvoker.InvokeAction(ControllerContext controllerContext, String actionName) in c:\Users\stea.KYIV\Documents\Visual Studio 2012\Projects\test\repaem.in.ua\repaem.in.ua\repaem.in.ua\Infrastructure\Exceptions\ApiControllerActionInvoker.cs:line 69
2013-07-08 16:22:20.8954 INFO GET /Home/DemoData, agent: Mozilla/5.0 (Windows NT 6.1; WOW64; rv:22.0) Gecko/20100101 Firefox/22.0, host ::1
2013-07-08 16:22:28.3691 ERROR Unhandled exception: Cannot insert the value NULL into column 'PhotoId', table 'repaem.dbo.PhotoToRepBase'; column does not allow nulls. INSERT fails.
The statement has been terminated. in    at System.Data.SqlClient.SqlConnection.OnError(SqlException exception, Boolean breakConnection, Action`1 wrapCloseInAction)
   at System.Data.SqlClient.SqlInternalConnection.OnError(SqlException exception, Boolean breakConnection, Action`1 wrapCloseInAction)
   at System.Data.SqlClient.TdsParser.ThrowExceptionAndWarning(TdsParserStateObject stateObj, Boolean callerHasConnectionLock, Boolean asyncClose)
   at System.Data.SqlClient.TdsParser.TryRun(RunBehavior runBehavior, SqlCommand cmdHandler, SqlDataReader dataStream, BulkCopySimpleResultSet bulkCopyHandler, TdsParserStateObject stateObj, Boolean& dataReady)
   at System.Data.SqlClient.SqlDataReader.TryConsumeMetaData()
   at System.Data.SqlClient.SqlDataReader.get_MetaData()
   at System.Data.SqlClient.SqlCommand.FinishExecuteReader(SqlDataReader ds, RunBehavior runBehavior, String resetOptionsString)
   at System.Data.SqlClient.SqlCommand.RunExecuteReaderTds(CommandBehavior cmdBehavior, RunBehavior runBehavior, Boolean returnStream, Boolean async, Int32 timeout, Task& task, Boolean asyncWrite)
   at System.Data.SqlClient.SqlCommand.RunExecuteReader(CommandBehavior cmdBehavior, RunBehavior runBehavior, Boolean returnStream, String method, TaskCompletionSource`1 completion, Int32 timeout, Task& task, Boolean asyncWrite)
   at System.Data.SqlClient.SqlCommand.RunExecuteReader(CommandBehavior cmdBehavior, RunBehavior runBehavior, Boolean returnStream, String method)
   at System.Data.SqlClient.SqlCommand.ExecuteReader(CommandBehavior behavior, String method)
   at System.Data.SqlClient.SqlCommand.ExecuteDbDataReader(CommandBehavior behavior)
   at System.Data.Common.DbCommand.System.Data.IDbCommand.ExecuteReader(CommandBehavior behavior)
   at Dapper.SqlMapper.<QueryInternal>d__d`1.MoveNext() in c:\Dev\Dapper\Dapper NET40\SqlMapper.cs:line 857
   at System.Linq.Enumerable.First[TSource](IEnumerable`1 source)
   at DapperExtensions.DapperImplementor.Insert[T](IDbConnection connection, T entity, IDbTransaction transaction, Nullable`1 commandTimeout) in c:\Data\Projects\Nuget Projects\DapperExtensions\DapperExtensions\DapperImplementor.cs:line 98
   at DapperExtensions.DapperExtensions.Insert[T](IDbConnection connection, T entity, IDbTransaction transaction, Nullable`1 commandTimeout) in c:\Data\Projects\Nuget Projects\DapperExtensions\DapperExtensions\DapperExtensions.cs:line 159
   at aspdev.repaem.Models.Data.Database.CreateDemoData() in c:\Users\stea.KYIV\Documents\Visual Studio 2012\Projects\test\repaem.in.ua\repaem.in.ua\repaem.in.ua\Models\Data\Database.cs:line 360
   at aspdev.repaem.Controllers.HomeController.DemoData() in c:\Users\stea.KYIV\Documents\Visual Studio 2012\Projects\test\repaem.in.ua\repaem.in.ua\repaem.in.ua\Controllers\HomeController.cs:line 37
   at lambda_method(Closure , ControllerBase , Object[] )
   at System.Web.Mvc.ActionMethodDispatcher.Execute(ControllerBase controller, Object[] parameters)
   at System.Web.Mvc.ReflectedActionDescriptor.Execute(ControllerContext controllerContext, IDictionary`2 parameters)
   at System.Web.Mvc.ControllerActionInvoker.InvokeActionMethod(ControllerContext controllerContext, ActionDescriptor actionDescriptor, IDictionary`2 parameters)
   at System.Web.Mvc.ControllerActionInvoker.<>c__DisplayClass13.<InvokeActionMethodWithFilters>b__10()
   at System.Web.Mvc.ControllerActionInvoker.InvokeActionMethodFilter(IActionFilter filter, ActionExecutingContext preContext, Func`1 continuation)
   at System.Web.Mvc.ControllerActionInvoker.<>c__DisplayClass13.<>c__DisplayClass15.<InvokeActionMethodWithFilters>b__12()
   at System.Web.Mvc.ControllerActionInvoker.InvokeActionMethodWithFilters(ControllerContext controllerContext, IList`1 filters, ActionDescriptor actionDescriptor, IDictionary`2 parameters)
   at System.Web.Mvc.ControllerActionInvoker.InvokeAction(ControllerContext controllerContext, String actionName)
   at aspdev.repaem.Infrastructure.Exceptions.RepControllerActionInvoker.InvokeAction(ControllerContext controllerContext, String actionName) in c:\Users\stea.KYIV\Documents\Visual Studio 2012\Projects\test\repaem.in.ua\repaem.in.ua\repaem.in.ua\Infrastructure\Exceptions\ApiControllerActionInvoker.cs:line 69
2013-07-08 16:23:20.0493 INFO GET /Home/DemoData, agent: Mozilla/5.0 (Windows NT 6.1; WOW64; rv:22.0) Gecko/20100101 Firefox/22.0, host ::1
2013-07-08 16:25:00.4203 ERROR Unhandled exception: Object reference not set to an instance of an object. in    at Dapper.SqlMapper.<QueryInternal>d__d`1.MoveNext() in c:\Dev\Dapper\Dapper NET40\SqlMapper.cs:line 874
   at System.Linq.Enumerable.First[TSource](IEnumerable`1 source)
   at DapperExtensions.DapperImplementor.Insert[T](IDbConnection connection, T entity, IDbTransaction transaction, Nullable`1 commandTimeout) in c:\Data\Projects\Nuget Projects\DapperExtensions\DapperExtensions\DapperImplementor.cs:line 98
   at DapperExtensions.DapperExtensions.Insert[T](IDbConnection connection, T entity, IDbTransaction transaction, Nullable`1 commandTimeout) in c:\Data\Projects\Nuget Projects\DapperExtensions\DapperExtensions\DapperExtensions.cs:line 159
   at aspdev.repaem.Models.Data.Database.CreateDemoData() in c:\Users\stea.KYIV\Documents\Visual Studio 2012\Projects\test\repaem.in.ua\repaem.in.ua\repaem.in.ua\Models\Data\Database.cs:line 360
   at aspdev.repaem.Controllers.HomeController.DemoData() in c:\Users\stea.KYIV\Documents\Visual Studio 2012\Projects\test\repaem.in.ua\repaem.in.ua\repaem.in.ua\Controllers\HomeController.cs:line 37
   at lambda_method(Closure , ControllerBase , Object[] )
   at System.Web.Mvc.ActionMethodDispatcher.Execute(ControllerBase controller, Object[] parameters)
   at System.Web.Mvc.ReflectedActionDescriptor.Execute(ControllerContext controllerContext, IDictionary`2 parameters)
   at System.Web.Mvc.ControllerActionInvoker.InvokeActionMethod(ControllerContext controllerContext, ActionDescriptor actionDescriptor, IDictionary`2 parameters)
   at System.Web.Mvc.ControllerActionInvoker.<>c__DisplayClass13.<InvokeActionMethodWithFilters>b__10()
   at System.Web.Mvc.ControllerActionInvoker.InvokeActionMethodFilter(IActionFilter filter, ActionExecutingContext preContext, Func`1 continuation)
   at System.Web.Mvc.ControllerActionInvoker.<>c__DisplayClass13.<>c__DisplayClass15.<InvokeActionMethodWithFilters>b__12()
   at System.Web.Mvc.ControllerActionInvoker.InvokeActionMethodWithFilters(ControllerContext controllerContext, IList`1 filters, ActionDescriptor actionDescriptor, IDictionary`2 parameters)
   at System.Web.Mvc.ControllerActionInvoker.InvokeAction(ControllerContext controllerContext, String actionName)
   at aspdev.repaem.Infrastructure.Exceptions.RepControllerActionInvoker.InvokeAction(ControllerContext controllerContext, String actionName) in c:\Users\stea.KYIV\Documents\Visual Studio 2012\Projects\test\repaem.in.ua\repaem.in.ua\repaem.in.ua\Infrastructure\Exceptions\ApiControllerActionInvoker.cs:line 69
2013-07-08 16:28:09.0932 INFO GET /Home/DemoData, agent: Mozilla/5.0 (Windows NT 6.1; WOW64; rv:22.0) Gecko/20100101 Firefox/22.0, host ::1
2013-07-08 16:28:09.0932 INFO GET /, agent: Mozilla/5.0 (Windows NT 6.1; WOW64; rv:22.0) Gecko/20100101 Firefox/22.0, host ::1
2013-07-08 16:38:24.9638 ERROR Unhandled exception: Cannot insert the value NULL into column 'PhotoId', table 'repaem.dbo.PhotoToRepBase'; column does not allow nulls. INSERT fails.
The statement has been terminated. in    at System.Data.SqlClient.SqlConnection.OnError(SqlException exception, Boolean breakConnection, Action`1 wrapCloseInAction)
   at System.Data.SqlClient.SqlInternalConnection.OnError(SqlException exception, Boolean breakConnection, Action`1 wrapCloseInAction)
   at System.Data.SqlClient.TdsParser.ThrowExceptionAndWarning(TdsParserStateObject stateObj, Boolean callerHasConnectionLock, Boolean asyncClose)
   at System.Data.SqlClient.TdsParser.TryRun(RunBehavior runBehavior, SqlCommand cmdHandler, SqlDataReader dataStream, BulkCopySimpleResultSet bulkCopyHandler, TdsParserStateObject stateObj, Boolean& dataReady)
   at System.Data.SqlClient.SqlDataReader.TryConsumeMetaData()
   at System.Data.SqlClient.SqlDataReader.get_MetaData()
   at System.Data.SqlClient.SqlCommand.FinishExecuteReader(SqlDataReader ds, RunBehavior runBehavior, String resetOptionsString)
   at System.Data.SqlClient.SqlCommand.RunExecuteReaderTds(CommandBehavior cmdBehavior, RunBehavior runBehavior, Boolean returnStream, Boolean async, Int32 timeout, Task& task, Boolean asyncWrite)
   at System.Data.SqlClient.SqlCommand.RunExecuteReader(CommandBehavior cmdBehavior, RunBehavior runBehavior, Boolean returnStream, String method, TaskCompletionSource`1 completion, Int32 timeout, Task& task, Boolean asyncWrite)
   at System.Data.SqlClient.SqlCommand.RunExecuteReader(CommandBehavior cmdBehavior, RunBehavior runBehavior, Boolean returnStream, String method)
   at System.Data.SqlClient.SqlCommand.ExecuteReader(CommandBehavior behavior, String method)
   at System.Data.SqlClient.SqlCommand.ExecuteDbDataReader(CommandBehavior behavior)
   at System.Data.Common.DbCommand.System.Data.IDbCommand.ExecuteReader(CommandBehavior behavior)
   at Dapper.SqlMapper.<QueryInternal>d__d`1.MoveNext() in c:\Dev\Dapper\Dapper NET40\SqlMapper.cs:line 857
   at System.Linq.Enumerable.First[TSource](IEnumerable`1 source)
   at DapperExtensions.DapperImplementor.Insert[T](IDbConnection connection, T entity, IDbTransaction transaction, Nullable`1 commandTimeout) in c:\Data\Projects\Nuget Projects\DapperExtensions\DapperExtensions\DapperImplementor.cs:line 98
   at DapperExtensions.DapperExtensions.Insert[T](IDbConnection connection, T entity, IDbTransaction transaction, Nullable`1 commandTimeout) in c:\Data\Projects\Nuget Projects\DapperExtensions\DapperExtensions\DapperExtensions.cs:line 159
   at aspdev.repaem.Models.Data.Database.CreateDemoData() in c:\Users\stea.KYIV\Documents\Visual Studio 2012\Projects\test\repaem.in.ua\repaem.in.ua\repaem.in.ua\Models\Data\Database.cs:line 360
   at aspdev.repaem.Controllers.HomeController.DemoData() in c:\Users\stea.KYIV\Documents\Visual Studio 2012\Projects\test\repaem.in.ua\repaem.in.ua\repaem.in.ua\Controllers\HomeController.cs:line 37
   at lambda_method(Closure , ControllerBase , Object[] )
   at System.Web.Mvc.ActionMethodDispatcher.Execute(ControllerBase controller, Object[] parameters)
   at System.Web.Mvc.ReflectedActionDescriptor.Execute(ControllerContext controllerContext, IDictionary`2 parameters)
   at System.Web.Mvc.ControllerActionInvoker.InvokeActionMethod(ControllerContext controllerContext, ActionDescriptor actionDescriptor, IDictionary`2 parameters)
   at System.Web.Mvc.ControllerActionInvoker.<>c__DisplayClass13.<InvokeActionMethodWithFilters>b__10()
   at System.Web.Mvc.ControllerActionInvoker.InvokeActionMethodFilter(IActionFilter filter, ActionExecutingContext preContext, Func`1 continuation)
   at System.Web.Mvc.ControllerActionInvoker.<>c__DisplayClass13.<>c__DisplayClass15.<InvokeActionMethodWithFilters>b__12()
   at System.Web.Mvc.ControllerActionInvoker.InvokeActionMethodWithFilters(ControllerContext controllerContext, IList`1 filters, ActionDescriptor actionDescriptor, IDictionary`2 parameters)
   at System.Web.Mvc.ControllerActionInvoker.InvokeAction(ControllerContext controllerContext, String actionName)
   at aspdev.repaem.Infrastructure.Exceptions.RepControllerActionInvoker.InvokeAction(ControllerContext controllerContext, String actionName) in c:\Users\stea.KYIV\Documents\Visual Studio 2012\Projects\test\repaem.in.ua\repaem.in.ua\repaem.in.ua\Infrastructure\Exceptions\ApiControllerActionInvoker.cs:line 69
2013-07-08 16:39:53.4976 INFO GET /Home/DemoData, agent: Mozilla/5.0 (Windows NT 6.1; WOW64; rv:22.0) Gecko/20100101 Firefox/22.0, host ::1
2013-07-08 16:39:53.4976 INFO GET /, agent: Mozilla/5.0 (Windows NT 6.1; WOW64; rv:22.0) Gecko/20100101 Firefox/22.0, host ::1
2013-07-08 16:44:59.1372 ERROR Unhandled exception: Cannot insert the value NULL into column 'PhotoId', table 'repaem.dbo.PhotoToRepBase'; column does not allow nulls. INSERT fails.
The statement has been terminated. in    at System.Data.SqlClient.SqlConnection.OnError(SqlException exception, Boolean breakConnection, Action`1 wrapCloseInAction)
   at System.Data.SqlClient.SqlInternalConnection.OnError(SqlException exception, Boolean breakConnection, Action`1 wrapCloseInAction)
   at System.Data.SqlClient.TdsParser.ThrowExceptionAndWarning(TdsParserStateObject stateObj, Boolean callerHasConnectionLock, Boolean asyncClose)
   at System.Data.SqlClient.TdsParser.TryRun(RunBehavior runBehavior, SqlCommand cmdHandler, SqlDataReader dataStream, BulkCopySimpleResultSet bulkCopyHandler, TdsParserStateObject stateObj, Boolean& dataReady)
   at System.Data.SqlClient.SqlDataReader.TryConsumeMetaData()
   at System.Data.SqlClient.SqlDataReader.get_MetaData()
   at System.Data.SqlClient.SqlCommand.FinishExecuteReader(SqlDataReader ds, RunBehavior runBehavior, String resetOptionsString)
   at System.Data.SqlClient.SqlCommand.RunExecuteReaderTds(CommandBehavior cmdBehavior, RunBehavior runBehavior, Boolean returnStream, Boolean async, Int32 timeout, Task& task, Boolean asyncWrite)
   at System.Data.SqlClient.SqlCommand.RunExecuteReader(CommandBehavior cmdBehavior, RunBehavior runBehavior, Boolean returnStream, String method, TaskCompletionSource`1 completion, Int32 timeout, Task& task, Boolean asyncWrite)
   at System.Data.SqlClient.SqlCommand.RunExecuteReader(CommandBehavior cmdBehavior, RunBehavior runBehavior, Boolean returnStream, String method)
   at System.Data.SqlClient.SqlCommand.ExecuteReader(CommandBehavior behavior, String method)
   at System.Data.SqlClient.SqlCommand.ExecuteDbDataReader(CommandBehavior behavior)
   at System.Data.Common.DbCommand.System.Data.IDbCommand.ExecuteReader(CommandBehavior behavior)
   at Dapper.SqlMapper.<QueryInternal>d__d`1.MoveNext() in c:\Dev\Dapper\Dapper NET40\SqlMapper.cs:line 857
   at System.Linq.Enumerable.First[TSource](IEnumerable`1 source)
   at DapperExtensions.DapperImplementor.Insert[T](IDbConnection connection, T entity, IDbTransaction transaction, Nullable`1 commandTimeout) in c:\Users\stea.KYIV\Documents\Visual Studio 2012\Projects\Dapper-Extensions\DapperExtensions\DapperImplementor.cs:line 98
   at DapperExtensions.DapperExtensions.Insert[T](IDbConnection connection, T entity, IDbTransaction transaction, Nullable`1 commandTimeout) in c:\Users\stea.KYIV\Documents\Visual Studio 2012\Projects\Dapper-Extensions\DapperExtensions\DapperExtensions.cs:line 159
   at aspdev.repaem.Models.Data.Database.CreateDemoData() in c:\Users\stea.KYIV\Documents\Visual Studio 2012\Projects\test\repaem.in.ua\repaem.in.ua\repaem.in.ua\Models\Data\Database.cs:line 360
   at aspdev.repaem.Controllers.HomeController.DemoData() in c:\Users\stea.KYIV\Documents\Visual Studio 2012\Projects\test\repaem.in.ua\repaem.in.ua\repaem.in.ua\Controllers\HomeController.cs:line 37
   at lambda_method(Closure , ControllerBase , Object[] )
   at System.Web.Mvc.ActionMethodDispatcher.Execute(ControllerBase controller, Object[] parameters)
   at System.Web.Mvc.ReflectedActionDescriptor.Execute(ControllerContext controllerContext, IDictionary`2 parameters)
   at System.Web.Mvc.ControllerActionInvoker.InvokeActionMethod(ControllerContext controllerContext, ActionDescriptor actionDescriptor, IDictionary`2 parameters)
   at System.Web.Mvc.ControllerActionInvoker.<>c__DisplayClass13.<InvokeActionMethodWithFilters>b__10()
   at System.Web.Mvc.ControllerActionInvoker.InvokeActionMethodFilter(IActionFilter filter, ActionExecutingContext preContext, Func`1 continuation)
   at System.Web.Mvc.ControllerActionInvoker.<>c__DisplayClass13.<>c__DisplayClass15.<InvokeActionMethodWithFilters>b__12()
   at System.Web.Mvc.ControllerActionInvoker.InvokeActionMethodWithFilters(ControllerContext controllerContext, IList`1 filters, ActionDescriptor actionDescriptor, IDictionary`2 parameters)
   at System.Web.Mvc.ControllerActionInvoker.InvokeAction(ControllerContext controllerContext, String actionName)
   at aspdev.repaem.Infrastructure.Exceptions.RepControllerActionInvoker.InvokeAction(ControllerContext controllerContext, String actionName) in c:\Users\stea.KYIV\Documents\Visual Studio 2012\Projects\test\repaem.in.ua\repaem.in.ua\repaem.in.ua\Infrastructure\Exceptions\ApiControllerActionInvoker.cs:line 69
2013-07-08 16:56:54.7037 INFO GET /, agent: Mozilla/5.0 (Windows NT 6.1; WOW64; rv:22.0) Gecko/20100101 Firefox/22.0, host ::1
2013-07-08 16:56:54.7037 INFO GET /Home/DemoData, agent: Mozilla/5.0 (Windows NT 6.1; WOW64; rv:22.0) Gecko/20100101 Firefox/22.0, host ::1
2013-07-08 16:57:52.0245 ERROR Unhandled exception: Cannot insert the value NULL into column 'Email', table 'repaem.dbo.Comments'; column does not allow nulls. INSERT fails.
The statement has been terminated. in    at System.Data.SqlClient.SqlConnection.OnError(SqlException exception, Boolean breakConnection, Action`1 wrapCloseInAction)
   at System.Data.SqlClient.SqlInternalConnection.OnError(SqlException exception, Boolean breakConnection, Action`1 wrapCloseInAction)
   at System.Data.SqlClient.TdsParser.ThrowExceptionAndWarning(TdsParserStateObject stateObj, Boolean callerHasConnectionLock, Boolean asyncClose)
   at System.Data.SqlClient.TdsParser.TryRun(RunBehavior runBehavior, SqlCommand cmdHandler, SqlDataReader dataStream, BulkCopySimpleResultSet bulkCopyHandler, TdsParserStateObject stateObj, Boolean& dataReady)
   at System.Data.SqlClient.SqlDataReader.TryConsumeMetaData()
   at System.Data.SqlClient.SqlDataReader.get_MetaData()
   at System.Data.SqlClient.SqlCommand.FinishExecuteReader(SqlDataReader ds, RunBehavior runBehavior, String resetOptionsString)
   at System.Data.SqlClient.SqlCommand.RunExecuteReaderTds(CommandBehavior cmdBehavior, RunBehavior runBehavior, Boolean returnStream, Boolean async, Int32 timeout, Task& task, Boolean asyncWrite)
   at System.Data.SqlClient.SqlCommand.RunExecuteReader(CommandBehavior cmdBehavior, RunBehavior runBehavior, Boolean returnStream, String method, TaskCompletionSource`1 completion, Int32 timeout, Task& task, Boolean asyncWrite)
   at System.Data.SqlClient.SqlCommand.RunExecuteReader(CommandBehavior cmdBehavior, RunBehavior runBehavior, Boolean returnStream, String method)
   at System.Data.SqlClient.SqlCommand.ExecuteReader(CommandBehavior behavior, String method)
   at System.Data.SqlClient.SqlCommand.ExecuteDbDataReader(CommandBehavior behavior)
   at System.Data.Common.DbCommand.System.Data.IDbCommand.ExecuteReader(CommandBehavior behavior)
   at Dapper.SqlMapper.<QueryInternal>d__d`1.MoveNext() in c:\Dev\Dapper\Dapper NET40\SqlMapper.cs:line 857
   at System.Linq.Enumerable.First[TSource](IEnumerable`1 source)
   at DapperExtensions.DapperImplementor.Insert[T](IDbConnection connection, T entity, IDbTransaction transaction, Nullable`1 commandTimeout) in c:\Users\stea.KYIV\Documents\Visual Studio 2012\Projects\Dapper-Extensions\DapperExtensions\DapperImplementor.cs:line 98
   at DapperExtensions.DapperExtensions.Insert[T](IDbConnection connection, T entity, IDbTransaction transaction, Nullable`1 commandTimeout) in c:\Users\stea.KYIV\Documents\Visual Studio 2012\Projects\Dapper-Extensions\DapperExtensions\DapperExtensions.cs:line 159
   at aspdev.repaem.Models.Data.Database.CreateDemoData() in c:\Users\stea.KYIV\Documents\Visual Studio 2012\Projects\test\repaem.in.ua\repaem.in.ua\repaem.in.ua\Models\Data\Database.cs:line 390
   at aspdev.repaem.Controllers.HomeController.DemoData() in c:\Users\stea.KYIV\Documents\Visual Studio 2012\Projects\test\repaem.in.ua\repaem.in.ua\repaem.in.ua\Controllers\HomeController.cs:line 37
   at lambda_method(Closure , ControllerBase , Object[] )
   at System.Web.Mvc.ActionMethodDispatcher.Execute(ControllerBase controller, Object[] parameters)
   at System.Web.Mvc.ReflectedActionDescriptor.Execute(ControllerContext controllerContext, IDictionary`2 parameters)
   at System.Web.Mvc.ControllerActionInvoker.InvokeActionMethod(ControllerContext controllerContext, ActionDescriptor actionDescriptor, IDictionary`2 parameters)
   at System.Web.Mvc.ControllerActionInvoker.<>c__DisplayClass13.<InvokeActionMethodWithFilters>b__10()
   at System.Web.Mvc.ControllerActionInvoker.InvokeActionMethodFilter(IActionFilter filter, ActionExecutingContext preContext, Func`1 continuation)
   at System.Web.Mvc.ControllerActionInvoker.<>c__DisplayClass13.<>c__DisplayClass15.<InvokeActionMethodWithFilters>b__12()
   at System.Web.Mvc.ControllerActionInvoker.InvokeActionMethodWithFilters(ControllerContext controllerContext, IList`1 filters, ActionDescriptor actionDescriptor, IDictionary`2 parameters)
   at System.Web.Mvc.ControllerActionInvoker.InvokeAction(ControllerContext controllerContext, String actionName)
   at aspdev.repaem.Infrastructure.Exceptions.RepControllerActionInvoker.InvokeAction(ControllerContext controllerContext, String actionName) in c:\Users\stea.KYIV\Documents\Visual Studio 2012\Projects\test\repaem.in.ua\repaem.in.ua\repaem.in.ua\Infrastructure\Exceptions\ApiControllerActionInvoker.cs:line 69
2013-07-08 16:58:55.5508 INFO GET /, agent: Mozilla/5.0 (Windows NT 6.1; WOW64; rv:22.0) Gecko/20100101 Firefox/22.0, host ::1
2013-07-08 16:58:55.5508 INFO GET /Home/DemoData, agent: Mozilla/5.0 (Windows NT 6.1; WOW64; rv:22.0) Gecko/20100101 Firefox/22.0, host ::1
2013-07-08 16:58:59.1642 INFO GET /Home/DemoData, agent: Mozilla/5.0 (Windows NT 6.1; WOW64; rv:22.0) Gecko/20100101 Firefox/22.0, host ::1
2013-07-08 16:59:01.8015 INFO GET /Home/DemoData, agent: Mozilla/5.0 (Windows NT 6.1; WOW64; rv:22.0) Gecko/20100101 Firefox/22.0, host ::1
2013-07-08 16:59:05.9559 INFO GET /, agent: Mozilla/5.0 (Windows NT 6.1; WOW64; rv:22.0) Gecko/20100101 Firefox/22.0, host ::1
2013-07-08 17:07:05.5858 INFO GET /Home/DELETEDemoData, agent: Mozilla/5.0 (Windows NT 6.1; WOW64; rv:22.0) Gecko/20100101 Firefox/22.0, host ::1
2013-07-08 17:07:06.2179 ERROR Unhandled exception: When using the multi-mapping APIs ensure you set the splitOn param if you have keys other than Id
Parameter name: splitOn in    at Dapper.SqlMapper.GetDapperRowDeserializer(IDataRecord reader, Int32 startBound, Int32 length, Boolean returnNullIfFirstMissing) in c:\Dev\Dapper\Dapper NET40\SqlMapper.cs:line 1617
   at Dapper.SqlMapper.GetDeserializer(Type type, IDataReader reader, Int32 startBound, Int32 length, Boolean returnNullIfFirstMissing) in c:\Dev\Dapper\Dapper NET40\SqlMapper.cs:line 1262
   at Dapper.SqlMapper.<QueryInternal>d__d`1.MoveNext() in c:\Dev\Dapper\Dapper NET40\SqlMapper.cs:line 866
   at System.Collections.Generic.List`1..ctor(IEnumerable`1 collection)
   at System.Linq.Enumerable.ToList[TSource](IEnumerable`1 source)
   at Dapper.Data.DapperHelper.Query(IDbConnection cnn, String sql, Object param, Nullable`1 commandType, IDbTransaction transaction)
   at aspdev.repaem.Models.Data.Database.DeleteDemoData() in c:\Users\stea.KYIV\Documents\Visual Studio 2012\Projects\test\repaem.in.ua\repaem.in.ua\repaem.in.ua\Models\Data\Database.cs:line 418
   at aspdev.repaem.Controllers.HomeController.DeleteDemoData() in c:\Users\stea.KYIV\Documents\Visual Studio 2012\Projects\test\repaem.in.ua\repaem.in.ua\repaem.in.ua\Controllers\HomeController.cs:line 43
   at lambda_method(Closure , ControllerBase , Object[] )
   at System.Web.Mvc.ActionMethodDispatcher.Execute(ControllerBase controller, Object[] parameters)
   at System.Web.Mvc.ReflectedActionDescriptor.Execute(ControllerContext controllerContext, IDictionary`2 parameters)
   at System.Web.Mvc.ControllerActionInvoker.InvokeActionMethod(ControllerContext controllerContext, ActionDescriptor actionDescriptor, IDictionary`2 parameters)
   at System.Web.Mvc.ControllerActionInvoker.<>c__DisplayClass13.<InvokeActionMethodWithFilters>b__10()
   at System.Web.Mvc.ControllerActionInvoker.InvokeActionMethodFilter(IActionFilter filter, ActionExecutingContext preContext, Func`1 continuation)
   at System.Web.Mvc.ControllerActionInvoker.<>c__DisplayClass13.<>c__DisplayClass15.<InvokeActionMethodWithFilters>b__12()
   at System.Web.Mvc.ControllerActionInvoker.InvokeActionMethodWithFilters(ControllerContext controllerContext, IList`1 filters, ActionDescriptor actionDescriptor, IDictionary`2 parameters)
   at System.Web.Mvc.ControllerActionInvoker.InvokeAction(ControllerContext controllerContext, String actionName)
   at aspdev.repaem.Infrastructure.Exceptions.RepControllerActionInvoker.InvokeAction(ControllerContext controllerContext, String actionName) in c:\Users\stea.KYIV\Documents\Visual Studio 2012\Projects\test\repaem.in.ua\repaem.in.ua\repaem.in.ua\Infrastructure\Exceptions\ApiControllerActionInvoker.cs:line 69
2013-07-08 17:07:16.0049 INFO GET /, agent: Mozilla/5.0 (Windows NT 6.1; WOW64; rv:22.0) Gecko/20100101 Firefox/22.0, host ::1
2013-07-08 17:07:23.4376 INFO GET /Home/DeleteDemoData, agent: Mozilla/5.0 (Windows NT 6.1; WOW64; rv:22.0) Gecko/20100101 Firefox/22.0, host ::1
2013-07-08 17:07:33.4786 ERROR Unhandled exception: When using the multi-mapping APIs ensure you set the splitOn param if you have keys other than Id
Parameter name: splitOn in    at Dapper.SqlMapper.GetDapperRowDeserializer(IDataRecord reader, Int32 startBound, Int32 length, Boolean returnNullIfFirstMissing) in c:\Dev\Dapper\Dapper NET40\SqlMapper.cs:line 1617
   at Dapper.SqlMapper.GetDeserializer(Type type, IDataReader reader, Int32 startBound, Int32 length, Boolean returnNullIfFirstMissing) in c:\Dev\Dapper\Dapper NET40\SqlMapper.cs:line 1262
   at Dapper.SqlMapper.<QueryInternal>d__d`1.MoveNext() in c:\Dev\Dapper\Dapper NET40\SqlMapper.cs:line 866
   at System.Collections.Generic.List`1..ctor(IEnumerable`1 collection)
   at System.Linq.Enumerable.ToList[TSource](IEnumerable`1 source)
   at Dapper.SqlMapper.Query[T](IDbConnection cnn, String sql, Object param, IDbTransaction transaction, Boolean buffered, Nullable`1 commandTimeout, Nullable`1 commandType) in c:\Dev\Dapper\Dapper NET40\SqlMapper.cs:line 793
   at Dapper.SqlMapper.Query(IDbConnection cnn, String sql, Object param, IDbTransaction transaction, Boolean buffered, Nullable`1 commandTimeout, Nullable`1 commandType) in c:\Dev\Dapper\Dapper NET40\SqlMapper.cs:line 738
   at Dapper.Data.DapperHelper.Query(IDbConnection cnn, String sql, Object param, Nullable`1 commandType, IDbTransaction transaction)
   at aspdev.repaem.Models.Data.Database.DeleteDemoData() in c:\Users\stea.KYIV\Documents\Visual Studio 2012\Projects\test\repaem.in.ua\repaem.in.ua\repaem.in.ua\Models\Data\Database.cs:line 418
   at aspdev.repaem.Controllers.HomeController.DeleteDemoData() in c:\Users\stea.KYIV\Documents\Visual Studio 2012\Projects\test\repaem.in.ua\repaem.in.ua\repaem.in.ua\Controllers\HomeController.cs:line 43
   at lambda_method(Closure , ControllerBase , Object[] )
   at System.Web.Mvc.ActionMethodDispatcher.Execute(ControllerBase controller, Object[] parameters)
   at System.Web.Mvc.ReflectedActionDescriptor.Execute(ControllerContext controllerContext, IDictionary`2 parameters)
   at System.Web.Mvc.ControllerActionInvoker.InvokeActionMethod(ControllerContext controllerContext, ActionDescriptor actionDescriptor, IDictionary`2 parameters)
   at System.Web.Mvc.ControllerActionInvoker.<>c__DisplayClass13.<InvokeActionMethodWithFilters>b__10()
   at System.Web.Mvc.ControllerActionInvoker.InvokeActionMethodFilter(IActionFilter filter, ActionExecutingContext preContext, Func`1 continuation)
   at System.Web.Mvc.ControllerActionInvoker.<>c__DisplayClass13.<>c__DisplayClass15.<InvokeActionMethodWithFilters>b__12()
   at System.Web.Mvc.ControllerActionInvoker.InvokeActionMethodWithFilters(ControllerContext controllerContext, IList`1 filters, ActionDescriptor actionDescriptor, IDictionary`2 parameters)
   at System.Web.Mvc.ControllerActionInvoker.InvokeAction(ControllerContext controllerContext, String actionName)
   at aspdev.repaem.Infrastructure.Exceptions.RepControllerActionInvoker.InvokeAction(ControllerContext controllerContext, String actionName) in c:\Users\stea.KYIV\Documents\Visual Studio 2012\Projects\test\repaem.in.ua\repaem.in.ua\repaem.in.ua\Infrastructure\Exceptions\ApiControllerActionInvoker.cs:line 69
2013-07-08 17:07:51.5824 INFO GET /Home/DeleteDemoData, agent: Mozilla/5.0 (Windows NT 6.1; WOW64; rv:22.0) Gecko/20100101 Firefox/22.0, host ::1
2013-07-08 17:07:55.9109 INFO GET /Home/DemoData, agent: Mozilla/5.0 (Windows NT 6.1; WOW64; rv:22.0) Gecko/20100101 Firefox/22.0, host ::1
2013-07-08 17:07:59.9733 INFO GET /, agent: Mozilla/5.0 (Windows NT 6.1; WOW64; rv:22.0) Gecko/20100101 Firefox/22.0, host ::1
2013-07-08 17:12:38.1221 INFO GET /, agent: Mozilla/5.0 (Windows NT 6.1; WOW64; rv:22.0) Gecko/20100101 Firefox/22.0, host ::1
2013-07-08 17:13:18.7801 INFO GET /, agent: Mozilla/5.0 (Windows NT 6.1; WOW64; rv:22.0) Gecko/20100101 Firefox/22.0, host ::1
2013-07-08 17:15:02.3605 INFO GET /RepBase/Search, agent: Mozilla/5.0 (Windows NT 6.1; WOW64; rv:22.0) Gecko/20100101 Firefox/22.0, host ::1
2013-07-08 17:15:21.6404 INFO GET /, agent: Mozilla/5.0 (Windows NT 6.1; WOW64; rv:22.0) Gecko/20100101 Firefox/22.0, host ::1
2013-07-08 17:15:32.9436 INFO POST /RepBase/Search, agent: Mozilla/5.0 (Windows NT 6.1; WOW64; rv:22.0) Gecko/20100101 Firefox/22.0, host ::1
2013-07-08 17:15:46.2799 ERROR Unhandled exception: Index was out of range. Must be non-negative and less than the size of the collection.
Parameter name: index in    at System.ThrowHelper.ThrowArgumentOutOfRangeException()
   at System.Collections.Generic.List`1.get_Item(Int32 index)
   at aspdev.repaem.ViewModel.Dictionary.get_Display() in c:\Users\stea.KYIV\Documents\Visual Studio 2012\Projects\test\repaem.in.ua\repaem.in.ua\repaem.in.ua\ViewModel\Dictionary.cs:line 20
   at aspdev.repaem.ViewModel.Dictionary.ToString() in c:\Users\stea.KYIV\Documents\Visual Studio 2012\Projects\test\repaem.in.ua\repaem.in.ua\repaem.in.ua\ViewModel\Dictionary.cs:line 24
   at System.Convert.ToString(Object value, IFormatProvider provider)
   at System.Web.Mvc.ModelMetadata.GetSimpleDisplayText()
   at System.Web.Mvc.CachedModelMetadata`1.ComputeSimpleDisplayText()
   at System.Web.Mvc.CachedDataAnnotationsModelMetadata.ComputeSimpleDisplayText()
   at System.Web.Mvc.CachedModelMetadata`1.GetSimpleDisplayText()
   at System.Web.Mvc.ModelMetadata.get_SimpleDisplayText()
   at System.Web.Mvc.CachedModelMetadata`1.get_SimpleDisplayText()
   at System.Web.Mvc.Html.DefaultDisplayTemplates.ObjectTemplate(HtmlHelper html, TemplateHelperDelegate templateHelper)
   at System.Web.Mvc.Html.DefaultDisplayTemplates.ObjectTemplate(HtmlHelper html)
   at System.Web.Mvc.Html.TemplateHelpers.ActionCacheCodeItem.Execute(HtmlHelper html, ViewDataDictionary viewData)
   at System.Web.Mvc.Html.TemplateHelpers.ExecuteTemplate(HtmlHelper html, ViewDataDictionary viewData, String templateName, DataBoundControlMode mode, GetViewNamesDelegate getViewNames, GetDefaultActionsDelegate getDefaultActions)
   at System.Web.Mvc.Html.TemplateHelpers.TemplateHelper(HtmlHelper html, ModelMetadata metadata, String htmlFieldName, String templateName, DataBoundControlMode mode, Object additionalViewData, ExecuteTemplateDelegate executeTemplate)
   at System.Web.Mvc.Html.TemplateHelpers.TemplateHelper(HtmlHelper html, ModelMetadata metadata, String htmlFieldName, String templateName, DataBoundControlMode mode, Object additionalViewData)
   at System.Web.Mvc.Html.TemplateHelpers.TemplateFor[TContainer,TValue](HtmlHelper`1 html, Expression`1 expression, String templateName, String htmlFieldName, DataBoundControlMode mode, Object additionalViewData, TemplateHelperDelegate templateHelper)
   at System.Web.Mvc.Html.TemplateHelpers.TemplateFor[TContainer,TValue](HtmlHelper`1 html, Expression`1 expression, String templateName, String htmlFieldName, DataBoundControlMode mode, Object additionalViewData)
   at System.Web.Mvc.Html.DisplayExtensions.DisplayFor[TModel,TValue](HtmlHelper`1 html, Expression`1 expression)
   at ASP._Page_Views_Shared_DisplayTemplates_RepBaseFilter_cshtml.Execute() in c:\Users\stea.KYIV\Documents\Visual Studio 2012\Projects\test\repaem.in.ua\repaem.in.ua\repaem.in.ua\Views\Shared\DisplayTemplates\RepBaseFilter.cshtml:line 14
   at System.Web.WebPages.WebPageBase.ExecutePageHierarchy()
   at System.Web.Mvc.WebViewPage.ExecutePageHierarchy()
   at System.Web.WebPages.WebPageBase.ExecutePageHierarchy(WebPageContext pageContext, TextWriter writer, WebPageRenderingBase startPage)
   at System.Web.Mvc.RazorView.RenderView(ViewContext viewContext, TextWriter writer, Object instance)
   at System.Web.Mvc.BuildManagerCompiledView.Render(ViewContext viewContext, TextWriter writer)
   at System.Web.Mvc.Html.TemplateHelpers.ExecuteTemplate(HtmlHelper html, ViewDataDictionary viewData, String templateName, DataBoundControlMode mode, GetViewNamesDelegate getViewNames, GetDefaultActionsDelegate getDefaultActions)
   at System.Web.Mvc.Html.TemplateHelpers.TemplateHelper(HtmlHelper html, ModelMetadata metadata, String htmlFieldName, String templateName, DataBoundControlMode mode, Object additionalViewData, ExecuteTemplateDelegate executeTemplate)
   at System.Web.Mvc.Html.TemplateHelpers.TemplateHelper(HtmlHelper html, ModelMetadata metadata, String htmlFieldName, String templateName, DataBoundControlMode mode, Object additionalViewData)
   at System.Web.Mvc.Html.TemplateHelpers.TemplateFor[TContainer,TValue](HtmlHelper`1 html, Expression`1 expression, String templateName, String htmlFieldName, DataBoundControlMode mode, Object additionalViewData, TemplateHelperDelegate templateHelper)
   at System.Web.Mvc.Html.TemplateHelpers.TemplateFor[TContainer,TValue](HtmlHelper`1 html, Expression`1 expression, String templateName, String htmlFieldName, DataBoundControlMode mode, Object additionalViewData)
   at System.Web.Mvc.Html.DisplayExtensions.DisplayFor[TModel,TValue](HtmlHelper`1 html, Expression`1 expression)
   at ASP._Page_Views_RepBase_Search_cshtml.Execute() in c:\Users\stea.KYIV\Documents\Visual Studio 2012\Projects\test\repaem.in.ua\repaem.in.ua\repaem.in.ua\Views\RepBase\Search.cshtml:line 9
   at System.Web.WebPages.WebPageBase.ExecutePageHierarchy()
   at System.Web.Mvc.WebViewPage.ExecutePageHierarchy()
   at System.Web.WebPages.StartPage.RunPage()
   at System.Web.WebPages.StartPage.ExecutePageHierarchy()
   at System.Web.WebPages.WebPageBase.ExecutePageHierarchy(WebPageContext pageContext, TextWriter writer, WebPageRenderingBase startPage)
   at System.Web.Mvc.RazorView.RenderView(ViewContext viewContext, TextWriter writer, Object instance)
   at System.Web.Mvc.BuildManagerCompiledView.Render(ViewContext viewContext, TextWriter writer)
   at System.Web.Mvc.ViewResultBase.ExecuteResult(ControllerContext context)
   at System.Web.Mvc.ControllerActionInvoker.InvokeActionResult(ControllerContext controllerContext, ActionResult actionResult)
   at System.Web.Mvc.ControllerActionInvoker.<>c__DisplayClass1a.<InvokeActionResultWithFilters>b__17()
   at System.Web.Mvc.ControllerActionInvoker.InvokeActionResultFilter(IResultFilter filter, ResultExecutingContext preContext, Func`1 continuation)
   at System.Web.Mvc.ControllerActionInvoker.<>c__DisplayClass1a.<>c__DisplayClass1c.<InvokeActionResultWithFilters>b__19()
   at System.Web.Mvc.ControllerActionInvoker.InvokeActionResultWithFilters(ControllerContext controllerContext, IList`1 filters, ActionResult actionResult)
   at System.Web.Mvc.ControllerActionInvoker.InvokeAction(ControllerContext controllerContext, String actionName)
   at aspdev.repaem.Infrastructure.Exceptions.RepControllerActionInvoker.InvokeAction(ControllerContext controllerContext, String actionName) in c:\Users\stea.KYIV\Documents\Visual Studio 2012\Projects\test\repaem.in.ua\repaem.in.ua\repaem.in.ua\Infrastructure\Exceptions\ApiControllerActionInvoker.cs:line 69
2013-07-08 17:16:02.9056 INFO GET /, agent: Mozilla/5.0 (Windows NT 6.1; WOW64; rv:22.0) Gecko/20100101 Firefox/22.0, host ::1
2013-07-08 17:17:52.1515 INFO GET /, agent: Mozilla/5.0 (Windows NT 6.1; WOW64; rv:22.0) Gecko/20100101 Firefox/22.0, host ::1
2013-07-08 17:18:29.1632 INFO GET /, agent: Mozilla/5.0 (Windows NT 6.1; WOW64; rv:22.0) Gecko/20100101 Firefox/22.0, host ::1
2013-07-08 17:18:51.4364 INFO POST /RepBase/Search, agent: Mozilla/5.0 (Windows NT 6.1; WOW64; rv:22.0) Gecko/20100101 Firefox/22.0, host ::1
2013-07-08 17:19:37.3190 ERROR Unhandled exception: Index was out of range. Must be non-negative and less than the size of the collection.
Parameter name: index in    at System.ThrowHelper.ThrowArgumentOutOfRangeException()
   at System.Collections.Generic.List`1.get_Item(Int32 index)
   at aspdev.repaem.ViewModel.Dictionary.get_Display() in c:\Users\stea.KYIV\Documents\Visual Studio 2012\Projects\test\repaem.in.ua\repaem.in.ua\repaem.in.ua\ViewModel\Dictionary.cs:line 20
   at aspdev.repaem.ViewModel.Dictionary.ToString() in c:\Users\stea.KYIV\Documents\Visual Studio 2012\Projects\test\repaem.in.ua\repaem.in.ua\repaem.in.ua\ViewModel\Dictionary.cs:line 24
   at System.Convert.ToString(Object value, IFormatProvider provider)
   at System.Web.Mvc.ModelMetadata.GetSimpleDisplayText()
   at System.Web.Mvc.CachedDataAnnotationsModelMetadata.ComputeSimpleDisplayText()
   at System.Web.Mvc.CachedModelMetadata`1.GetSimpleDisplayText()
   at System.Web.Mvc.CachedModelMetadata`1.get_SimpleDisplayText()
   at System.Web.Mvc.Html.DefaultDisplayTemplates.ObjectTemplate(HtmlHelper html, TemplateHelperDelegate templateHelper)
   at System.Web.Mvc.Html.DefaultDisplayTemplates.ObjectTemplate(HtmlHelper html)
   at System.Web.Mvc.Html.TemplateHelpers.ExecuteTemplate(HtmlHelper html, ViewDataDictionary viewData, String templateName, DataBoundControlMode mode, GetViewNamesDelegate getViewNames, GetDefaultActionsDelegate getDefaultActions)
   at System.Web.Mvc.Html.TemplateHelpers.TemplateHelper(HtmlHelper html, ModelMetadata metadata, String htmlFieldName, String templateName, DataBoundControlMode mode, Object additionalViewData, ExecuteTemplateDelegate executeTemplate)
   at System.Web.Mvc.Html.TemplateHelpers.TemplateHelper(HtmlHelper html, ModelMetadata metadata, String htmlFieldName, String templateName, DataBoundControlMode mode, Object additionalViewData)
   at System.Web.Mvc.Html.TemplateHelpers.TemplateFor[TContainer,TValue](HtmlHelper`1 html, Expression`1 expression, String templateName, String htmlFieldName, DataBoundControlMode mode, Object additionalViewData, TemplateHelperDelegate templateHelper)
   at System.Web.Mvc.Html.TemplateHelpers.TemplateFor[TContainer,TValue](HtmlHelper`1 html, Expression`1 expression, String templateName, String htmlFieldName, DataBoundControlMode mode, Object additionalViewData)
   at System.Web.Mvc.Html.DisplayExtensions.DisplayFor[TModel,TValue](HtmlHelper`1 html, Expression`1 expression)
   at ASP._Page_Views_Shared_DisplayTemplates_RepBaseFilter_cshtml.Execute() in c:\Users\stea.KYIV\Documents\Visual Studio 2012\Projects\test\repaem.in.ua\repaem.in.ua\repaem.in.ua\Views\Shared\DisplayTemplates\RepBaseFilter.cshtml:line 11
   at System.Web.WebPages.WebPageBase.ExecutePageHierarchy()
   at System.Web.Mvc.WebViewPage.ExecutePageHierarchy()
   at System.Web.WebPages.WebPageBase.ExecutePageHierarchy(WebPageContext pageContext, TextWriter writer, WebPageRenderingBase startPage)
   at System.Web.Mvc.RazorView.RenderView(ViewContext viewContext, TextWriter writer, Object instance)
   at System.Web.Mvc.BuildManagerCompiledView.Render(ViewContext viewContext, TextWriter writer)
   at System.Web.Mvc.Html.TemplateHelpers.ExecuteTemplate(HtmlHelper html, ViewDataDictionary viewData, String templateName, DataBoundControlMode mode, GetViewNamesDelegate getViewNames, GetDefaultActionsDelegate getDefaultActions)
   at System.Web.Mvc.Html.TemplateHelpers.TemplateHelper(HtmlHelper html, ModelMetadata metadata, String htmlFieldName, String templateName, DataBoundControlMode mode, Object additionalViewData, ExecuteTemplateDelegate executeTemplate)
   at System.Web.Mvc.Html.TemplateHelpers.TemplateHelper(HtmlHelper html, ModelMetadata metadata, String htmlFieldName, String templateName, DataBoundControlMode mode, Object additionalViewData)
   at System.Web.Mvc.Html.TemplateHelpers.TemplateFor[TContainer,TValue](HtmlHelper`1 html, Expression`1 expression, String templateName, String htmlFieldName, DataBoundControlMode mode, Object additionalViewData, TemplateHelperDelegate templateHelper)
   at System.Web.Mvc.Html.TemplateHelpers.TemplateFor[TContainer,TValue](HtmlHelper`1 html, Expression`1 expression, String templateName, String htmlFieldName, DataBoundControlMode mode, Object additionalViewData)
   at System.Web.Mvc.Html.DisplayExtensions.DisplayFor[TModel,TValue](HtmlHelper`1 html, Expression`1 expression)
   at ASP._Page_Views_RepBase_Search_cshtml.Execute() in c:\Users\stea.KYIV\Documents\Visual Studio 2012\Projects\test\repaem.in.ua\repaem.in.ua\repaem.in.ua\Views\RepBase\Search.cshtml:line 9
   at System.Web.WebPages.WebPageBase.ExecutePageHierarchy()
   at System.Web.Mvc.WebViewPage.ExecutePageHierarchy()
   at System.Web.WebPages.StartPage.RunPage()
   at System.Web.WebPages.StartPage.ExecutePageHierarchy()
   at System.Web.WebPages.WebPageBase.ExecutePageHierarchy(WebPageContext pageContext, TextWriter writer, WebPageRenderingBase startPage)
   at System.Web.Mvc.RazorView.RenderView(ViewContext viewContext, TextWriter writer, Object instance)
   at System.Web.Mvc.BuildManagerCompiledView.Render(ViewContext viewContext, TextWriter writer)
   at System.Web.Mvc.ViewResultBase.ExecuteResult(ControllerContext context)
   at System.Web.Mvc.ControllerActionInvoker.InvokeActionResult(ControllerContext controllerContext, ActionResult actionResult)
   at System.Web.Mvc.ControllerActionInvoker.<>c__DisplayClass1a.<InvokeActionResultWithFilters>b__17()
   at System.Web.Mvc.ControllerActionInvoker.InvokeActionResultFilter(IResultFilter filter, ResultExecutingContext preContext, Func`1 continuation)
   at System.Web.Mvc.ControllerActionInvoker.<>c__DisplayClass1a.<>c__DisplayClass1c.<InvokeActionResultWithFilters>b__19()
   at System.Web.Mvc.ControllerActionInvoker.InvokeActionResultWithFilters(ControllerContext controllerContext, IList`1 filters, ActionResult actionResult)
   at System.Web.Mvc.ControllerActionInvoker.InvokeAction(ControllerContext controllerContext, String actionName)
   at aspdev.repaem.Infrastructure.Exceptions.RepControllerActionInvoker.InvokeAction(ControllerContext controllerContext, String actionName) in c:\Users\stea.KYIV\Documents\Visual Studio 2012\Projects\test\repaem.in.ua\repaem.in.ua\repaem.in.ua\Infrastructure\Exceptions\ApiControllerActionInvoker.cs:line 69
2013-07-08 17:19:58.4581 INFO GET /, agent: Mozilla/5.0 (Windows NT 6.1; WOW64; rv:22.0) Gecko/20100101 Firefox/22.0, host ::1
2013-07-08 17:20:12.3465 INFO POST /RepBase/Search, agent: Mozilla/5.0 (Windows NT 6.1; WOW64; rv:22.0) Gecko/20100101 Firefox/22.0, host ::1
2013-07-08 17:20:21.1854 ERROR Unhandled exception: Index was out of range. Must be non-negative and less than the size of the collection.
Parameter name: index in    at System.ThrowHelper.ThrowArgumentOutOfRangeException()
   at System.Collections.Generic.List`1.get_Item(Int32 index)
   at aspdev.repaem.ViewModel.Dictionary.get_Display() in c:\Users\stea.KYIV\Documents\Visual Studio 2012\Projects\test\repaem.in.ua\repaem.in.ua\repaem.in.ua\ViewModel\Dictionary.cs:line 20
   at aspdev.repaem.ViewModel.Dictionary.ToString() in c:\Users\stea.KYIV\Documents\Visual Studio 2012\Projects\test\repaem.in.ua\repaem.in.ua\repaem.in.ua\ViewModel\Dictionary.cs:line 24
   at System.Convert.ToString(Object value, IFormatProvider provider)
   at System.Web.Mvc.ModelMetadata.GetSimpleDisplayText()
   at System.Web.Mvc.CachedModelMetadata`1.ComputeSimpleDisplayText()
   at System.Web.Mvc.CachedDataAnnotationsModelMetadata.ComputeSimpleDisplayText()
   at System.Web.Mvc.CachedModelMetadata`1.GetSimpleDisplayText()
   at System.Web.Mvc.ModelMetadata.get_SimpleDisplayText()
   at System.Web.Mvc.CachedModelMetadata`1.get_SimpleDisplayText()
   at System.Web.Mvc.Html.DefaultDisplayTemplates.ObjectTemplate(HtmlHelper html, TemplateHelperDelegate templateHelper)
   at System.Web.Mvc.Html.DefaultDisplayTemplates.ObjectTemplate(HtmlHelper html)
   at System.Web.Mvc.Html.TemplateHelpers.ExecuteTemplate(HtmlHelper html, ViewDataDictionary viewData, String templateName, DataBoundControlMode mode, GetViewNamesDelegate getViewNames, GetDefaultActionsDelegate getDefaultActions)
   at System.Web.Mvc.Html.TemplateHelpers.TemplateHelper(HtmlHelper html, ModelMetadata metadata, String htmlFieldName, String templateName, DataBoundControlMode mode, Object additionalViewData, ExecuteTemplateDelegate executeTemplate)
   at System.Web.Mvc.Html.TemplateHelpers.TemplateHelper(HtmlHelper html, ModelMetadata metadata, String htmlFieldName, String templateName, DataBoundControlMode mode, Object additionalViewData)
   at System.Web.Mvc.Html.TemplateHelpers.TemplateFor[TContainer,TValue](HtmlHelper`1 html, Expression`1 expression, String templateName, String htmlFieldName, DataBoundControlMode mode, Object additionalViewData, TemplateHelperDelegate templateHelper)
   at System.Web.Mvc.Html.TemplateHelpers.TemplateFor[TContainer,TValue](HtmlHelper`1 html, Expression`1 expression, String templateName, String htmlFieldName, DataBoundControlMode mode, Object additionalViewData)
   at System.Web.Mvc.Html.DisplayExtensions.DisplayFor[TModel,TValue](HtmlHelper`1 html, Expression`1 expression)
   at ASP._Page_Views_Shared_DisplayTemplates_RepBaseFilter_cshtml.Execute() in c:\Users\stea.KYIV\Documents\Visual Studio 2012\Projects\test\repaem.in.ua\repaem.in.ua\repaem.in.ua\Views\Shared\DisplayTemplates\RepBaseFilter.cshtml:line 11
   at System.Web.WebPages.WebPageBase.ExecutePageHierarchy()
   at System.Web.Mvc.WebViewPage.ExecutePageHierarchy()
   at System.Web.WebPages.WebPageBase.ExecutePageHierarchy(WebPageContext pageContext, TextWriter writer, WebPageRenderingBase startPage)
   at System.Web.Mvc.RazorView.RenderView(ViewContext viewContext, TextWriter writer, Object instance)
   at System.Web.Mvc.BuildManagerCompiledView.Render(ViewContext viewContext, TextWriter writer)
   at System.Web.Mvc.Html.TemplateHelpers.ExecuteTemplate(HtmlHelper html, ViewDataDictionary viewData, String templateName, DataBoundControlMode mode, GetViewNamesDelegate getViewNames, GetDefaultActionsDelegate getDefaultActions)
   at System.Web.Mvc.Html.TemplateHelpers.TemplateHelper(HtmlHelper html, ModelMetadata metadata, String htmlFieldName, String templateName, DataBoundControlMode mode, Object additionalViewData, ExecuteTemplateDelegate executeTemplate)
   at System.Web.Mvc.Html.TemplateHelpers.TemplateHelper(HtmlHelper html, ModelMetadata metadata, String htmlFieldName, String templateName, DataBoundControlMode mode, Object additionalViewData)
   at System.Web.Mvc.Html.TemplateHelpers.TemplateFor[TContainer,TValue](HtmlHelper`1 html, Expression`1 expression, String templateName, String htmlFieldName, DataBoundControlMode mode, Object additionalViewData, TemplateHelperDelegate templateHelper)
   at System.Web.Mvc.Html.TemplateHelpers.TemplateFor[TContainer,TValue](HtmlHelper`1 html, Expression`1 expression, String templateName, String htmlFieldName, DataBoundControlMode mode, Object additionalViewData)
   at System.Web.Mvc.Html.DisplayExtensions.DisplayFor[TModel,TValue](HtmlHelper`1 html, Expression`1 expression)
   at ASP._Page_Views_RepBase_Search_cshtml.Execute() in c:\Users\stea.KYIV\Documents\Visual Studio 2012\Projects\test\repaem.in.ua\repaem.in.ua\repaem.in.ua\Views\RepBase\Search.cshtml:line 9
   at System.Web.WebPages.WebPageBase.ExecutePageHierarchy()
   at System.Web.Mvc.WebViewPage.ExecutePageHierarchy()
   at System.Web.WebPages.StartPage.RunPage()
   at System.Web.WebPages.StartPage.ExecutePageHierarchy()
   at System.Web.WebPages.WebPageBase.ExecutePageHierarchy(WebPageContext pageContext, TextWriter writer, WebPageRenderingBase startPage)
   at System.Web.Mvc.RazorView.RenderView(ViewContext viewContext, TextWriter writer, Object instance)
   at System.Web.Mvc.BuildManagerCompiledView.Render(ViewContext viewContext, TextWriter writer)
   at System.Web.Mvc.ViewResultBase.ExecuteResult(ControllerContext context)
   at System.Web.Mvc.ControllerActionInvoker.InvokeActionResult(ControllerContext controllerContext, ActionResult actionResult)
   at System.Web.Mvc.ControllerActionInvoker.<>c__DisplayClass1a.<InvokeActionResultWithFilters>b__17()
   at System.Web.Mvc.ControllerActionInvoker.InvokeActionResultFilter(IResultFilter filter, ResultExecutingContext preContext, Func`1 continuation)
   at System.Web.Mvc.ControllerActionInvoker.<>c__DisplayClass1a.<>c__DisplayClass1c.<InvokeActionResultWithFilters>b__19()
   at System.Web.Mvc.ControllerActionInvoker.InvokeActionResultWithFilters(ControllerContext controllerContext, IList`1 filters, ActionResult actionResult)
   at System.Web.Mvc.ControllerActionInvoker.InvokeAction(ControllerContext controllerContext, String actionName)
   at aspdev.repaem.Infrastructure.Exceptions.RepControllerActionInvoker.InvokeAction(ControllerContext controllerContext, String actionName) in c:\Users\stea.KYIV\Documents\Visual Studio 2012\Projects\test\repaem.in.ua\repaem.in.ua\repaem.in.ua\Infrastructure\Exceptions\ApiControllerActionInvoker.cs:line 69
2013-07-08 17:20:48.6061 INFO GET /, agent: Mozilla/5.0 (Windows NT 6.1; WOW64; rv:22.0) Gecko/20100101 Firefox/22.0, host ::1
2013-07-08 17:21:27.0610 INFO POST /RepBase/Search, agent: Mozilla/5.0 (Windows NT 6.1; WOW64; rv:22.0) Gecko/20100101 Firefox/22.0, host ::1
2013-07-08 17:35:26.7259 INFO GET /, agent: Mozilla/5.0 (Windows NT 6.1; WOW64; rv:22.0) Gecko/20100101 Firefox/22.0, host ::1
2013-07-08 17:35:49.6002 INFO GET /, agent: Mozilla/5.0 (Windows NT 6.1; WOW64; rv:22.0) Gecko/20100101 Firefox/22.0, host ::1
2013-07-08 17:36:27.3410 INFO POST /RepBase/Search, agent: Mozilla/5.0 (Windows NT 6.1; WOW64; rv:22.0) Gecko/20100101 Firefox/22.0, host ::1
2013-07-08 17:51:43.3029 ERROR Unhandled exception: Invalid column name 'iPrice'.
Invalid column name 'iPrice'. in    at System.Data.SqlClient.SqlConnection.OnError(SqlException exception, Boolean breakConnection, Action`1 wrapCloseInAction)
   at System.Data.SqlClient.SqlInternalConnection.OnError(SqlException exception, Boolean breakConnection, Action`1 wrapCloseInAction)
   at System.Data.SqlClient.TdsParser.ThrowExceptionAndWarning(TdsParserStateObject stateObj, Boolean callerHasConnectionLock, Boolean asyncClose)
   at System.Data.SqlClient.TdsParser.TryRun(RunBehavior runBehavior, SqlCommand cmdHandler, SqlDataReader dataStream, BulkCopySimpleResultSet bulkCopyHandler, TdsParserStateObject stateObj, Boolean& dataReady)
   at System.Data.SqlClient.SqlDataReader.TryConsumeMetaData()
   at System.Data.SqlClient.SqlDataReader.get_MetaData()
   at System.Data.SqlClient.SqlCommand.FinishExecuteReader(SqlDataReader ds, RunBehavior runBehavior, String resetOptionsString)
   at System.Data.SqlClient.SqlCommand.RunExecuteReaderTds(CommandBehavior cmdBehavior, RunBehavior runBehavior, Boolean returnStream, Boolean async, Int32 timeout, Task& task, Boolean asyncWrite)
   at System.Data.SqlClient.SqlCommand.RunExecuteReader(CommandBehavior cmdBehavior, RunBehavior runBehavior, Boolean returnStream, String method, TaskCompletionSource`1 completion, Int32 timeout, Task& task, Boolean asyncWrite)
   at System.Data.SqlClient.SqlCommand.RunExecuteReader(CommandBehavior cmdBehavior, RunBehavior runBehavior, Boolean returnStream, String method)
   at System.Data.SqlClient.SqlCommand.ExecuteReader(CommandBehavior behavior, String method)
   at System.Data.SqlClient.SqlCommand.ExecuteDbDataReader(CommandBehavior behavior)
   at System.Data.Common.DbCommand.System.Data.IDbCommand.ExecuteReader(CommandBehavior behavior)
   at Dapper.SqlMapper.<QueryInternal>d__d`1.MoveNext() in c:\Dev\Dapper\Dapper NET40\SqlMapper.cs:line 857
   at System.Collections.Generic.List`1..ctor(IEnumerable`1 collection)
   at System.Linq.Enumerable.ToList[TSource](IEnumerable`1 source)
   at Dapper.SqlMapper.Query[T](IDbConnection cnn, String sql, Object param, IDbTransaction transaction, Boolean buffered, Nullable`1 commandTimeout, Nullable`1 commandType) in c:\Dev\Dapper\Dapper NET40\SqlMapper.cs:line 793
   at Dapper.Data.DapperHelper.Query[T](IDbConnection cnn, String sql, Object param, Nullable`1 commandType, IDbTransaction transaction)
   at aspdev.repaem.Models.Data.Database.GetBasesByFilter(RepBaseFilter f) in c:\Users\stea.KYIV\Documents\Visual Studio 2012\Projects\test\repaem.in.ua\repaem.in.ua\repaem.in.ua\Models\Data\Database.cs:line 148
   at aspdev.repaem.ViewModel.Home.RepBaseList.LoadBases(RepBaseFilter f) in c:\Users\stea.KYIV\Documents\Visual Studio 2012\Projects\test\repaem.in.ua\repaem.in.ua\repaem.in.ua\ViewModel\RepBaseList.cs:line 45
   at aspdev.repaem.Controllers.RepBaseController.Search(RepBaseFilter filter) in c:\Users\stea.KYIV\Documents\Visual Studio 2012\Projects\test\repaem.in.ua\repaem.in.ua\repaem.in.ua\Controllers\RepBaseController.cs:line 29
   at lambda_method(Closure , ControllerBase , Object[] )
   at System.Web.Mvc.ActionMethodDispatcher.Execute(ControllerBase controller, Object[] parameters)
   at System.Web.Mvc.ReflectedActionDescriptor.Execute(ControllerContext controllerContext, IDictionary`2 parameters)
   at System.Web.Mvc.ControllerActionInvoker.InvokeActionMethod(ControllerContext controllerContext, ActionDescriptor actionDescriptor, IDictionary`2 parameters)
   at System.Web.Mvc.ControllerActionInvoker.<>c__DisplayClass13.<InvokeActionMethodWithFilters>b__10()
   at System.Web.Mvc.ControllerActionInvoker.InvokeActionMethodFilter(IActionFilter filter, ActionExecutingContext preContext, Func`1 continuation)
   at System.Web.Mvc.ControllerActionInvoker.<>c__DisplayClass13.<>c__DisplayClass15.<InvokeActionMethodWithFilters>b__12()
   at System.Web.Mvc.ControllerActionInvoker.InvokeActionMethodWithFilters(ControllerContext controllerContext, IList`1 filters, ActionDescriptor actionDescriptor, IDictionary`2 parameters)
   at System.Web.Mvc.ControllerActionInvoker.InvokeAction(ControllerContext controllerContext, String actionName)
   at aspdev.repaem.Infrastructure.Exceptions.RepControllerActionInvoker.InvokeAction(ControllerContext controllerContext, String actionName) in c:\Users\stea.KYIV\Documents\Visual Studio 2012\Projects\test\repaem.in.ua\repaem.in.ua\repaem.in.ua\Infrastructure\Exceptions\ApiControllerActionInvoker.cs:line 69
2013-07-08 17:53:33.6368 INFO POST /RepBase/Search, agent: Mozilla/5.0 (Windows NT 6.1; WOW64; rv:22.0) Gecko/20100101 Firefox/22.0, host ::1
2013-07-08 17:53:59.4494 ERROR Unhandled exception: Invalid column name 'iPrice'.
Invalid column name 'iPrice'. in    at System.Data.SqlClient.SqlConnection.OnError(SqlException exception, Boolean breakConnection, Action`1 wrapCloseInAction)
   at System.Data.SqlClient.SqlInternalConnection.OnError(SqlException exception, Boolean breakConnection, Action`1 wrapCloseInAction)
   at System.Data.SqlClient.TdsParser.ThrowExceptionAndWarning(TdsParserStateObject stateObj, Boolean callerHasConnectionLock, Boolean asyncClose)
   at System.Data.SqlClient.TdsParser.TryRun(RunBehavior runBehavior, SqlCommand cmdHandler, SqlDataReader dataStream, BulkCopySimpleResultSet bulkCopyHandler, TdsParserStateObject stateObj, Boolean& dataReady)
   at System.Data.SqlClient.SqlDataReader.TryConsumeMetaData()
   at System.Data.SqlClient.SqlDataReader.get_MetaData()
   at System.Data.SqlClient.SqlCommand.FinishExecuteReader(SqlDataReader ds, RunBehavior runBehavior, String resetOptionsString)
   at System.Data.SqlClient.SqlCommand.RunExecuteReaderTds(CommandBehavior cmdBehavior, RunBehavior runBehavior, Boolean returnStream, Boolean async, Int32 timeout, Task& task, Boolean asyncWrite)
   at System.Data.SqlClient.SqlCommand.RunExecuteReader(CommandBehavior cmdBehavior, RunBehavior runBehavior, Boolean returnStream, String method, TaskCompletionSource`1 completion, Int32 timeout, Task& task, Boolean asyncWrite)
   at System.Data.SqlClient.SqlCommand.RunExecuteReader(CommandBehavior cmdBehavior, RunBehavior runBehavior, Boolean returnStream, String method)
   at System.Data.SqlClient.SqlCommand.ExecuteReader(CommandBehavior behavior, String method)
   at System.Data.SqlClient.SqlCommand.ExecuteDbDataReader(CommandBehavior behavior)
   at System.Data.Common.DbCommand.System.Data.IDbCommand.ExecuteReader(CommandBehavior behavior)
   at Dapper.SqlMapper.<QueryInternal>d__d`1.MoveNext() in c:\Dev\Dapper\Dapper NET40\SqlMapper.cs:line 857
   at System.Collections.Generic.List`1..ctor(IEnumerable`1 collection)
   at System.Linq.Enumerable.ToList[TSource](IEnumerable`1 source)
   at Dapper.SqlMapper.Query[T](IDbConnection cnn, String sql, Object param, IDbTransaction transaction, Boolean buffered, Nullable`1 commandTimeout, Nullable`1 commandType) in c:\Dev\Dapper\Dapper NET40\SqlMapper.cs:line 793
   at Dapper.Data.DapperHelper.Query[T](IDbConnection cnn, String sql, Object param, Nullable`1 commandType, IDbTransaction transaction)
   at aspdev.repaem.Models.Data.Database.GetBasesByFilter(RepBaseFilter f) in c:\Users\stea.KYIV\Documents\Visual Studio 2012\Projects\test\repaem.in.ua\repaem.in.ua\repaem.in.ua\Models\Data\Database.cs:line 148
   at aspdev.repaem.ViewModel.Home.RepBaseList.LoadBases(RepBaseFilter f) in c:\Users\stea.KYIV\Documents\Visual Studio 2012\Projects\test\repaem.in.ua\repaem.in.ua\repaem.in.ua\ViewModel\RepBaseList.cs:line 45
   at aspdev.repaem.Controllers.RepBaseController.Search(RepBaseFilter filter) in c:\Users\stea.KYIV\Documents\Visual Studio 2012\Projects\test\repaem.in.ua\repaem.in.ua\repaem.in.ua\Controllers\RepBaseController.cs:line 29
   at lambda_method(Closure , ControllerBase , Object[] )
   at System.Web.Mvc.ActionMethodDispatcher.Execute(ControllerBase controller, Object[] parameters)
   at System.Web.Mvc.ReflectedActionDescriptor.Execute(ControllerContext controllerContext, IDictionary`2 parameters)
   at System.Web.Mvc.ControllerActionInvoker.InvokeActionMethod(ControllerContext controllerContext, ActionDescriptor actionDescriptor, IDictionary`2 parameters)
   at System.Web.Mvc.ControllerActionInvoker.<>c__DisplayClass13.<InvokeActionMethodWithFilters>b__10()
   at System.Web.Mvc.ControllerActionInvoker.InvokeActionMethodFilter(IActionFilter filter, ActionExecutingContext preContext, Func`1 continuation)
   at System.Web.Mvc.ControllerActionInvoker.<>c__DisplayClass13.<>c__DisplayClass15.<InvokeActionMethodWithFilters>b__12()
   at System.Web.Mvc.ControllerActionInvoker.InvokeActionMethodWithFilters(ControllerContext controllerContext, IList`1 filters, ActionDescriptor actionDescriptor, IDictionary`2 parameters)
   at System.Web.Mvc.ControllerActionInvoker.InvokeAction(ControllerContext controllerContext, String actionName)
   at aspdev.repaem.Infrastructure.Exceptions.RepControllerActionInvoker.InvokeAction(ControllerContext controllerContext, String actionName) in c:\Users\stea.KYIV\Documents\Visual Studio 2012\Projects\test\repaem.in.ua\repaem.in.ua\repaem.in.ua\Infrastructure\Exceptions\ApiControllerActionInvoker.cs:line 69
2013-07-08 17:55:30.5582 INFO GET /, agent: Mozilla/5.0 (Windows NT 6.1; WOW64; rv:22.0) Gecko/20100101 Firefox/22.0, host ::1
2013-07-08 17:55:55.1307 INFO POST /RepBase/Search, agent: Mozilla/5.0 (Windows NT 6.1; WOW64; rv:22.0) Gecko/20100101 Firefox/22.0, host ::1
2013-07-08 17:56:02.7180 ERROR Unhandled exception: Invalid column name 'iPrice'.
Invalid column name 'iPrice'. in    at System.Data.SqlClient.SqlConnection.OnError(SqlException exception, Boolean breakConnection, Action`1 wrapCloseInAction)
   at System.Data.SqlClient.SqlInternalConnection.OnError(SqlException exception, Boolean breakConnection, Action`1 wrapCloseInAction)
   at System.Data.SqlClient.TdsParser.ThrowExceptionAndWarning(TdsParserStateObject stateObj, Boolean callerHasConnectionLock, Boolean asyncClose)
   at System.Data.SqlClient.TdsParser.TryRun(RunBehavior runBehavior, SqlCommand cmdHandler, SqlDataReader dataStream, BulkCopySimpleResultSet bulkCopyHandler, TdsParserStateObject stateObj, Boolean& dataReady)
   at System.Data.SqlClient.SqlDataReader.TryConsumeMetaData()
   at System.Data.SqlClient.SqlDataReader.get_MetaData()
   at System.Data.SqlClient.SqlCommand.FinishExecuteReader(SqlDataReader ds, RunBehavior runBehavior, String resetOptionsString)
   at System.Data.SqlClient.SqlCommand.RunExecuteReaderTds(CommandBehavior cmdBehavior, RunBehavior runBehavior, Boolean returnStream, Boolean async, Int32 timeout, Task& task, Boolean asyncWrite)
   at System.Data.SqlClient.SqlCommand.RunExecuteReader(CommandBehavior cmdBehavior, RunBehavior runBehavior, Boolean returnStream, String method, TaskCompletionSource`1 completion, Int32 timeout, Task& task, Boolean asyncWrite)
   at System.Data.SqlClient.SqlCommand.RunExecuteReader(CommandBehavior cmdBehavior, RunBehavior runBehavior, Boolean returnStream, String method)
   at System.Data.SqlClient.SqlCommand.ExecuteReader(CommandBehavior behavior, String method)
   at System.Data.SqlClient.SqlCommand.ExecuteDbDataReader(CommandBehavior behavior)
   at System.Data.Common.DbCommand.System.Data.IDbCommand.ExecuteReader(CommandBehavior behavior)
   at Dapper.SqlMapper.<QueryInternal>d__d`1.MoveNext() in c:\Dev\Dapper\Dapper NET40\SqlMapper.cs:line 857
   at System.Collections.Generic.List`1..ctor(IEnumerable`1 collection)
   at System.Linq.Enumerable.ToList[TSource](IEnumerable`1 source)
   at Dapper.SqlMapper.Query[T](IDbConnection cnn, String sql, Object param, IDbTransaction transaction, Boolean buffered, Nullable`1 commandTimeout, Nullable`1 commandType) in c:\Dev\Dapper\Dapper NET40\SqlMapper.cs:line 793
   at Dapper.Data.DapperHelper.Query[T](IDbConnection cnn, String sql, Object param, Nullable`1 commandType, IDbTransaction transaction)
   at aspdev.repaem.Models.Data.Database.GetBasesByFilter(RepBaseFilter f) in c:\Users\stea.KYIV\Documents\Visual Studio 2012\Projects\test\repaem.in.ua\repaem.in.ua\repaem.in.ua\Models\Data\Database.cs:line 148
   at aspdev.repaem.ViewModel.Home.RepBaseList.LoadBases(RepBaseFilter f) in c:\Users\stea.KYIV\Documents\Visual Studio 2012\Projects\test\repaem.in.ua\repaem.in.ua\repaem.in.ua\ViewModel\RepBaseList.cs:line 45
   at aspdev.repaem.Controllers.RepBaseController.Search(RepBaseFilter filter) in c:\Users\stea.KYIV\Documents\Visual Studio 2012\Projects\test\repaem.in.ua\repaem.in.ua\repaem.in.ua\Controllers\RepBaseController.cs:line 29
   at lambda_method(Closure , ControllerBase , Object[] )
   at System.Web.Mvc.ActionMethodDispatcher.Execute(ControllerBase controller, Object[] parameters)
   at System.Web.Mvc.ReflectedActionDescriptor.Execute(ControllerContext controllerContext, IDictionary`2 parameters)
   at System.Web.Mvc.ControllerActionInvoker.InvokeActionMethod(ControllerContext controllerContext, ActionDescriptor actionDescriptor, IDictionary`2 parameters)
   at System.Web.Mvc.ControllerActionInvoker.<>c__DisplayClass13.<InvokeActionMethodWithFilters>b__10()
   at System.Web.Mvc.ControllerActionInvoker.InvokeActionMethodFilter(IActionFilter filter, ActionExecutingContext preContext, Func`1 continuation)
   at System.Web.Mvc.ControllerActionInvoker.<>c__DisplayClass13.<>c__DisplayClass15.<InvokeActionMethodWithFilters>b__12()
   at System.Web.Mvc.ControllerActionInvoker.InvokeActionMethodWithFilters(ControllerContext controllerContext, IList`1 filters, ActionDescriptor actionDescriptor, IDictionary`2 parameters)
   at System.Web.Mvc.ControllerActionInvoker.InvokeAction(ControllerContext controllerContext, String actionName)
   at aspdev.repaem.Infrastructure.Exceptions.RepControllerActionInvoker.InvokeAction(ControllerContext controllerContext, String actionName) in c:\Users\stea.KYIV\Documents\Visual Studio 2012\Projects\test\repaem.in.ua\repaem.in.ua\repaem.in.ua\Infrastructure\Exceptions\ApiControllerActionInvoker.cs:line 69
2013-07-08 17:57:38.7674 INFO GET /, agent: Mozilla/5.0 (Windows NT 6.1; WOW64; rv:22.0) Gecko/20100101 Firefox/22.0, host ::1
2013-07-08 17:58:03.3999 INFO POST /RepBase/Search, agent: Mozilla/5.0 (Windows NT 6.1; WOW64; rv:22.0) Gecko/20100101 Firefox/22.0, host ::1
2013-07-08 17:58:32.0210 ERROR Unhandled exception: Invalid column name 'iPrice'.
Invalid column name 'iPrice'. in    at System.Data.SqlClient.SqlConnection.OnError(SqlException exception, Boolean breakConnection, Action`1 wrapCloseInAction)
   at System.Data.SqlClient.SqlInternalConnection.OnError(SqlException exception, Boolean breakConnection, Action`1 wrapCloseInAction)
   at System.Data.SqlClient.TdsParser.ThrowExceptionAndWarning(TdsParserStateObject stateObj, Boolean callerHasConnectionLock, Boolean asyncClose)
   at System.Data.SqlClient.TdsParser.TryRun(RunBehavior runBehavior, SqlCommand cmdHandler, SqlDataReader dataStream, BulkCopySimpleResultSet bulkCopyHandler, TdsParserStateObject stateObj, Boolean& dataReady)
   at System.Data.SqlClient.SqlDataReader.TryConsumeMetaData()
   at System.Data.SqlClient.SqlDataReader.get_MetaData()
   at System.Data.SqlClient.SqlCommand.FinishExecuteReader(SqlDataReader ds, RunBehavior runBehavior, String resetOptionsString)
   at System.Data.SqlClient.SqlCommand.RunExecuteReaderTds(CommandBehavior cmdBehavior, RunBehavior runBehavior, Boolean returnStream, Boolean async, Int32 timeout, Task& task, Boolean asyncWrite)
   at System.Data.SqlClient.SqlCommand.RunExecuteReader(CommandBehavior cmdBehavior, RunBehavior runBehavior, Boolean returnStream, String method, TaskCompletionSource`1 completion, Int32 timeout, Task& task, Boolean asyncWrite)
   at System.Data.SqlClient.SqlCommand.RunExecuteReader(CommandBehavior cmdBehavior, RunBehavior runBehavior, Boolean returnStream, String method)
   at System.Data.SqlClient.SqlCommand.ExecuteReader(CommandBehavior behavior, String method)
   at System.Data.SqlClient.SqlCommand.ExecuteDbDataReader(CommandBehavior behavior)
   at System.Data.Common.DbCommand.System.Data.IDbCommand.ExecuteReader(CommandBehavior behavior)
   at Dapper.SqlMapper.<QueryInternal>d__d`1.MoveNext() in c:\Dev\Dapper\Dapper NET40\SqlMapper.cs:line 857
   at System.Collections.Generic.List`1..ctor(IEnumerable`1 collection)
   at System.Linq.Enumerable.ToList[TSource](IEnumerable`1 source)
   at Dapper.SqlMapper.Query[T](IDbConnection cnn, String sql, Object param, IDbTransaction transaction, Boolean buffered, Nullable`1 commandTimeout, Nullable`1 commandType) in c:\Dev\Dapper\Dapper NET40\SqlMapper.cs:line 793
   at Dapper.Data.DapperHelper.Query[T](IDbConnection cnn, String sql, Object param, Nullable`1 commandType, IDbTransaction transaction)
   at aspdev.repaem.Models.Data.Database.GetBasesByFilter(RepBaseFilter f) in c:\Users\stea.KYIV\Documents\Visual Studio 2012\Projects\test\repaem.in.ua\repaem.in.ua\repaem.in.ua\Models\Data\Database.cs:line 148
   at aspdev.repaem.ViewModel.Home.RepBaseList.LoadBases(RepBaseFilter f) in c:\Users\stea.KYIV\Documents\Visual Studio 2012\Projects\test\repaem.in.ua\repaem.in.ua\repaem.in.ua\ViewModel\RepBaseList.cs:line 45
   at aspdev.repaem.Controllers.RepBaseController.Search(RepBaseFilter filter) in c:\Users\stea.KYIV\Documents\Visual Studio 2012\Projects\test\repaem.in.ua\repaem.in.ua\repaem.in.ua\Controllers\RepBaseController.cs:line 29
   at lambda_method(Closure , ControllerBase , Object[] )
   at System.Web.Mvc.ActionMethodDispatcher.Execute(ControllerBase controller, Object[] parameters)
   at System.Web.Mvc.ReflectedActionDescriptor.Execute(ControllerContext controllerContext, IDictionary`2 parameters)
   at System.Web.Mvc.ControllerActionInvoker.InvokeActionMethod(ControllerContext controllerContext, ActionDescriptor actionDescriptor, IDictionary`2 parameters)
   at System.Web.Mvc.ControllerActionInvoker.<>c__DisplayClass13.<InvokeActionMethodWithFilters>b__10()
   at System.Web.Mvc.ControllerActionInvoker.InvokeActionMethodFilter(IActionFilter filter, ActionExecutingContext preContext, Func`1 continuation)
   at System.Web.Mvc.ControllerActionInvoker.<>c__DisplayClass13.<>c__DisplayClass15.<InvokeActionMethodWithFilters>b__12()
   at System.Web.Mvc.ControllerActionInvoker.InvokeActionMethodWithFilters(ControllerContext controllerContext, IList`1 filters, ActionDescriptor actionDescriptor, IDictionary`2 parameters)
   at System.Web.Mvc.ControllerActionInvoker.InvokeAction(ControllerContext controllerContext, String actionName)
   at aspdev.repaem.Infrastructure.Exceptions.RepControllerActionInvoker.InvokeAction(ControllerContext controllerContext, String actionName) in c:\Users\stea.KYIV\Documents\Visual Studio 2012\Projects\test\repaem.in.ua\repaem.in.ua\repaem.in.ua\Infrastructure\Exceptions\ApiControllerActionInvoker.cs:line 69
